         w __deregister_frame_info
         w _ITM_deregisterTMCloneTable
         w _ITM_registerTMCloneTable
         w _Jv_RegisterClasses
         w __register_frame_info
00000000 00000401 b __fixedpath
00000000 b .LANCHOR2
00000000 a shift
00000000 a shift
00000000 b _TLS_MODULE_BASE_
00000404 b .LANCHOR4
00000404 00000802 b __utf16path
00000c08 b .LANCHOR6
00000c08 00000802 b __utf16path_old.7945
00100000 T _start
00100000 a __start__
00100008 T __service_ptr
0010000c T __apt_appid
00100010 T __heap_size
00100014 T __linear_heap_size
00100018 T __system_arglist
0010001c T __system_runflags
00100020 t startup
00100058 t ClearMem
0010006c t ClrLoop
00100094 T _init
001000ac T initSystem
001000f0 T __ctru_exit
00100110 T __aeabi_uidiv
00100110 000001ec T __udivsi3
00100110 t .udivsi3_skip_div0_test
001002fc 00000020 T __aeabi_uidivmod
0010031c T __aeabi_idiv
0010031c 00000220 T __divsi3
00100324 t .divsi3_skip_div0_test
0010053c 00000020 T __aeabi_idivmod
0010055c 00000004 W __aeabi_idiv0
0010055c 00000004 W __aeabi_ldiv0
00100560 T __aeabi_drsub
00100568 000002b0 T __aeabi_dsub
00100568 000002b0 T __subdf3
0010056c 000002ac T __adddf3
0010056c 000002ac T __aeabi_dadd
00100818 00000024 T __aeabi_ui2d
00100818 00000024 T __floatunsidf
0010083c 00000028 T __aeabi_i2d
0010083c 00000028 T __floatsidf
00100864 00000040 T __aeabi_f2d
00100864 00000040 T __extendsfdf2
001008a4 00000074 T __aeabi_ul2d
001008a4 00000074 T __floatundidf
001008b8 00000060 T __aeabi_l2d
001008b8 00000060 T __floatdidf
00100918 T __aeabi_uldivmod
00100954 00000014 T setjmp
00100968 00000018 T longjmp
00100988 00000390 T strcmp
00100d10 t deregister_tm_clones
00100d40 t register_tm_clones
00100d78 t __do_global_dtors_aux
00100dbc t frame_dummy
00100e18 00000030 T Chase_Init
00100e48 00000004 T Chase_Update
00100e50 000000d4 T CL_StopPlayback
00100f24 000000b4 T CL_WriteDemoMessage
00100fd8 000002a8 T CL_GetMessage
00101280 0000007c T CL_Stop_f
001012fc 000001d4 T CL_Record_f
001014d0 00000140 T CL_PlayDemo_f
00101610 00000060 T CL_TimeDemo_f
00101670 00000020 T IN_Impulse
00101690 00000080 T IN_AttackDown
00101710 00000080 T IN_DownDown
00101790 00000080 T IN_LeftDown
00101810 00000080 T IN_RightDown
00101890 00000080 T IN_ForwardDown
00101910 00000080 T IN_LookdownDown
00101990 00000080 T IN_BackDown
00101a10 00000080 T IN_LookupDown
00101a90 00000080 T IN_MoveleftDown
00101b10 00000080 T IN_UseDown
00101b90 00000080 T IN_MoverightDown
00101c10 00000080 T IN_KLookDown
00101c90 00000080 T IN_StrafeDown
00101d10 00000080 T IN_UpDown
00101d90 00000080 T IN_JumpDown
00101e10 00000080 T IN_MLookDown
00101e90 00000080 T IN_SpeedDown
00101f10 0000009c T IN_StrafeUp
00101fac 0000009c T IN_JumpUp
00102048 0000009c T IN_UseUp
001020e4 0000009c T IN_UpUp
00102180 0000009c T IN_MoverightUp
0010221c 0000009c T IN_KLookUp
001022b8 0000009c T IN_SpeedUp
00102354 0000009c T IN_MoveleftUp
001023f0 0000009c T IN_BackUp
0010248c 0000009c T IN_LookupUp
00102528 0000009c T IN_ForwardUp
001025c4 0000009c T IN_LookdownUp
00102660 0000009c T IN_LeftUp
001026fc 0000009c T IN_RightUp
00102798 0000009c T IN_AttackUp
00102834 0000009c T IN_DownUp
001028d0 000000c8 T IN_MLookUp
00102998 00000564 T CL_AdjustAngles
00102efc 000005a8 T CL_BaseMove
001034a4 0000016c T CL_SendMove
00103610 000002c4 T CL_InitInput
001038d4 000000ec T CL_PrintEntities_f
001039c0 000000f4 T CL_Disconnect_f
00103ab4 000000f4 T CL_ClearState
00103ba8 000000c4 T CL_Disconnect
00103c6c 00000130 T CL_EstablishConnection
00103d9c 00000140 T CL_SignonReply
00103edc 000000ac T CL_NextDemo
00103f88 000000b0 T CL_AllocDlight
00104038 00000078 T CL_DecayLights
001040b0 00000a50 T CL_RelinkEntities
00104b00 000000b4 T CL_ReadFromServer
00104bb4 000000b8 T CL_SendCmd
00104c6c 00000158 T CL_Init
00104dc8 000000fc T CL_ParseStartSoundPacket
00104ec4 00000150 T CL_KeepaliveMessage
00105014 0000027c T CL_ParseServerInfo
00105290 000005a0 T CL_ParseUpdate
00105830 00000304 T CL_ParseClientdata
00105b34 00000208 T CL_NewTranslation
00105d3c 00000108 T CL_ParseStatic
00105e44 00000710 T CL_ParseServerMessage
00106554 000000b0 T CL_InitTEnts
00106608 00000134 T CL_ParseBeam
00106740 00000398 T CL_ParseTEnt
00106ad8 000002d0 T CL_UpdateTEnts
00106da8 00000014 T Cmd_Wait_f
00106dbc 00000064 T Cmd_Echo_f
00106e20 000000f0 T Cmd_ForwardToServer
00106f10 000001c0 T Cmd_Alias_f
001070d0 00000010 T Cbuf_Init
001070e0 0000004c T Cbuf_AddText
0010712c 000000b8 T Cbuf_InsertText
001071e4 000001ec T Cmd_StuffCmds_f
001073d0 00000098 T Cmd_Exec_f
00107468 00000468 T Cmd_Init
001078d0 00000010 T Cmd_Argc
001078e0 00000024 T Cmd_Argv
00107904 00000010 T Cmd_Args
00107914 000000e8 T Cmd_TokenizeString
001079fc 000000bc T Cmd_AddCommand
00107ab8 00000050 T Cmd_Exists
00107b08 00000074 T Cmd_CompleteCommand
00107b7c 000000e0 T Cmd_ExecuteString
00107c5c 00000114 T Cbuf_Execute
00107d70 00000008 T ShortSwap
00107d78 00000004 T ShortNoSwap
00107d7c 00000020 T LongSwap
00107d9c 00000004 T LongNoSwap
00107da0 00000028 T FloatSwap
00107dc8 00000004 T FloatNoSwap
00107dcc 00000078 T COM_Path_f
00107e44 0000000c T ClearLink
00107e50 00000014 T RemoveLink
00107e64 0000001c T InsertLinkBefore
00107e80 00000090 T MSG_WriteChar
00107f10 00000090 T MSG_WriteByte
00107fa0 0000009c T MSG_WriteShort
0010803c 000000ac T MSG_WriteLong
001080e8 000000a4 T MSG_WriteFloat
0010818c 00000124 T MSG_WriteString
001082b0 000000ac T MSG_WriteCoord
0010835c 000000b4 T MSG_WriteAngle
00108410 00000020 T MSG_BeginReading
00108430 00000044 T MSG_ReadChar
00108474 00000044 T MSG_ReadByte
001084b8 00000064 T MSG_ReadShort
0010851c 00000070 T MSG_ReadLong
0010858c 00000040 T MSG_ReadFloat
001085cc 00000098 T MSG_ReadString
00108668 00000080 T MSG_ReadCoord
001086e8 00000070 T MSG_ReadAngle
00108758 00000034 T SZ_Alloc
0010878c 0000000c T SZ_Clear
00108798 000000a0 T SZ_Write
00108838 00000134 T SZ_Print
0010896c 000000c8 T COM_FileBase
00108a34 00000060 T COM_DefaultExtension
00108a94 00000178 T COM_Parse
00108c0c 00000060 T COM_CheckParm
00108c6c 00000290 T COM_InitArgv
00108efc 00000040 T va
00108f3c 00000088 T COM_WriteFile
00108fc4 000000f8 T COM_CopyFile
001090bc 00000304 T COM_FindFile
001093c0 0000000c T COM_FOpenFile
001093cc 0000023c T COM_LoadFile
00109608 00000008 T COM_LoadHunkFile
00109610 00000014 T COM_LoadCacheFile
00109624 00000020 T COM_LoadStackFile
00109644 000001fc T COM_LoadPackFile
00109840 00000778 T COM_InitFilesystem
00109fb8 00000194 T COM_Init
0010a14c 00000024 T Con_MessageMode_f
0010a170 00000024 T Con_MessageMode2_f
0010a194 00000094 T Con_ToggleConsole_f
0010a228 00000020 T Con_Clear_f
0010a248 00000020 T Con_ClearNotify
0010a268 000001cc T Con_CheckResize
0010a434 0000021c T Con_Print
0010a650 0000007c T Con_DebugLog
0010a6cc 00000108 T Con_Printf
0010a7d4 0000012c T Con_Init
0010a900 00000074 T Con_DPrintf
0010a974 00000134 T Con_DrawInput
0010aaa8 000001f8 T Con_DrawNotify
0010aca0 000000f0 T Con_DrawConsole
0010ad90 0000000c T CRC_Init
0010ad9c 00000024 T CRC_ProcessByte
0010adc0 00000048 T Cvar_FindVar
0010ae08 0000005c T Cvar_VariableValue
0010ae64 00000058 T Cvar_VariableString
0010aebc 00000074 T Cvar_CompleteVariable
0010af30 000000f0 T Cvar_Set
0010b020 00000038 T Cvar_SetValue
0010b058 000000bc T Cvar_RegisterVariable
0010b114 00000098 T Cvar_Command
0010b1ac 00000060 T Cvar_WriteVariables
0010b20c 00000198 T Host_FindMaxClients
0010b3a4 00000068 T SV_ClientPrintf
0010b40c 000000cc T SV_BroadcastPrintf
0010b4d8 00000068 T Host_ClientCommands
0010b540 00000218 T SV_DropClient
0010b758 00000210 t Host_ShutdownServer.part.1
0010b968 000000a8 T Host_EndGame
0010ba10 000000d4 T Host_Error
0010bae4 00000018 T Host_ShutdownServer
0010bafc 00000074 T Host_ClearMemory
0010bb70 00000354 T _Host_Frame
0010bec8 00000100 T Host_Frame
0010bfc8 00000280 T Host_InitVCR
0010c248 00000308 T Host_Init
0010c550 000000e0 T Host_Shutdown
0010c630 00000044 T Host_Quit_f
0010c674 00000030 T Host_Version_f
0010c6a4 00000038 T Host_Begin_f
0010c6dc 0000009c T Host_God_f
0010c778 0000009c T Host_Notarget_f
0010c814 000000b4 T Host_Noclip_f
0010c8c8 00000098 T Host_Fly_f
0010c960 00000124 T Host_Ping_f
0010ca84 00000214 T Host_Status_f
0010cc98 0000001c T Host_Reconnect_f
0010ccb4 00000170 T Host_Map_f
0010ce24 0000005c T Host_Connect_f
0010ce80 000004c0 T Host_Loadgame_f
0010d340 000001a0 T Host_Name_f
0010d4e0 0000015c T Host_Color_f
0010d63c 00000074 T Host_Kill_f
0010d6b0 000000ac T Host_Pause_f
0010d75c 00000094 T Host_PreSpawn_f
0010d7f0 000004f4 T Host_Spawn_f
0010dce8 0000027c T Host_Kick_f
0010df64 00000060 T Host_Restart_f
0010dfc4 00000088 T Host_Changelevel_f
0010e04c 00000030 T Host_Stopdemo_f
0010e07c 0000017c T Host_Tell_f
0010e1f8 00000544 T Host_Give_f
0010e73c 00000100 T Host_Startdemos_f
0010e83c 00000034 T Host_Demos_f
0010e870 000000f0 T Host_Viewprev_f
0010e960 000000d4 T Host_Viewmodel_f
0010ea34 000000bc T Host_Viewframe_f
0010eaf0 00000118 T Host_Viewnext_f
0010ec08 000000a0 T Host_SavegameComment
0010eca8 00000308 T Host_Savegame_f
0010efb0 00000230 T Host_Say
0010f1e0 00000008 T Host_Say_f
0010f1e8 00000008 T Host_Say_Team_f
0010f1f0 000002c4 T Host_InitCommands
0010f4b4 0000004c T Key_Unbindall_f
0010f500 000000dc T Key_Unbind_f
0010f5dc 0000017c T Key_Bind_f
0010f758 00000338 T Key_Console
0010fa90 0000008c T Key_KeynumToString
0010fb1c 00000060 T Key_SetBinding
0010fb7c 000000d0 T Key_WriteBindings
0010fc4c 000001e0 T Key_Init
0010fe2c 00000448 T Key_Event
00110278 00000048 T anglemod
001102c0 00000188 T BoxOnPlaneSide
00110448 00000118 T AngleVectors
00110560 00000034 T VectorMA
00110594 00000058 T CrossProduct
001105ec 00000028 T Length
00110614 00000058 T VectorNormalize
0011066c 00000028 T VectorInverse
00110694 00000028 T VectorScale
001106bc 0000013c T R_ConcatRotations
001107f8 000001b4 T R_ConcatTransforms
001109ac 000000d4 T FloorDivMod
00110a80 00000060 T GreatestCommonDivisor
00110ae0 0000005c T M_Menu_Main_f
00110b3c 00000038 T M_Menu_SinglePlayer_f
00110b74 00000038 T M_Menu_MultiPlayer_f
00110bac 00000038 T M_Menu_Options_f
00110be4 00000038 T M_Menu_Keys_f
00110c1c 00000038 T M_Menu_Video_f
00110c54 00000048 T M_Menu_Help_f
00110c9c 00000038 T M_Pause_f
00110cd4 000000b4 T M_Menu_Setup_f
00110d88 00000080 T M_Menu_Quit_f
00110e08 000000b8 T M_ToggleMenu_f
00110ec0 000001b4 t M_DrawTextBox.constprop.11
00111074 00000240 t M_DrawTextBox.constprop.12
001112b4 00000018 T M_DrawTransPic
001112cc 00000018 T M_DrawPic
001112e4 00000234 T M_BuildTranslationTable
00111518 00000124 T M_Main_Draw
0011163c 000001a4 T M_Main_Key
001117e0 000000f4 T M_SinglePlayer_Draw
001118d4 0000010c T M_ScanSaves
001119e0 00000030 T M_Menu_Load_f
00111a10 00000074 T M_Menu_Save_f
00111a84 000001ec T M_SinglePlayer_Key
00111c70 000000f4 T M_Load_Draw
00111d68 000000f4 T M_Save_Draw
00111e5c 00000118 T M_Load_Key
00111f74 000000f0 T M_Save_Key
00112068 00000190 T M_MultiPlayer_Draw
001121f8 000002f0 T M_MultiPlayer_Key
001124e8 000003a8 T M_Setup_Draw
00112890 00000430 T M_Setup_Key
00112cc0 00000108 T M_Menu_Net_f
00112dc8 0000037c T M_Net_Draw
00113148 000003f4 T M_AdjustSliders
0011353c 000000dc T M_DrawSlider
00113618 00000830 T M_Options_Draw
00113e48 000001a4 T M_Options_Key
00113ff0 00000390 T M_Keys_Draw
00114380 000002e4 T M_Keys_Key
00114664 000001a0 T M_Menu_SerialConfig_f
00114804 000002b0 T M_Net_Key
00114ab8 0000058c T M_SerialConfig_Draw
00115044 000005d4 T M_SerialConfig_Key
00115618 000004a8 T M_ModemConfig_Draw
00115ac0 0000026c T M_ModemConfig_Key
00115d30 000004e0 T M_LanConfig_Draw
00116210 000003e0 T M_LanConfig_Key
001165f0 00000124 T M_Pause_Draw
00116714 00000194 T M_Pause_Key
001168a8 00000708 T M_GameOptions_Draw
00116fb0 000002cc T M_NetStart_Change
0011727c 0000024c T M_GameOptions_Key
001174c8 00000294 T M_Search_Draw
00117760 0000026c T M_ServerList_Draw
001179cc 00000334 T M_Quit_Draw
00117d00 00000260 T M_ServerList_Key
00117f60 0000010c T M_Init
0011806c 00000204 T M_Draw
00118270 0000021c T M_Keydown
0011848c 00000194 T NET_Ban_f
00118620 0000019c t Test_Poll
001187c0 00000238 t Test_f
001189f8 000001c8 t Test2_Poll
00118bc0 000001fc t Test2_f
00118dbc 0000028c T NET_Stats_f
00119048 00000160 T Datagram_SendMessage
001191a8 000000e0 T SendMessageNext
00119288 000000d8 T ReSendMessage
00119360 000000f8 T Datagram_CanSendMessage
00119458 00000008 T Datagram_CanSendUnreliableMessage
00119460 000000ec T Datagram_SendUnreliableMessage
00119550 000003f0 T Datagram_GetMessage
00119940 000000dc T Datagram_Init
00119a1c 000001ac T Datagram_Shutdown
00119bc8 00000020 T Datagram_Close
00119be8 0000018c T Datagram_Listen
00119d78 0000081c T Datagram_CheckNewConnections
0011a594 000004b4 T Datagram_SearchForHosts
0011aa48 00000594 T Datagram_Connect
0011afdc 0000001c T Loop_Init
0011aff8 00000004 T Loop_Shutdown
0011affc 00000004 T Loop_Listen
0011b000 000000d4 T Loop_SearchForHosts
0011b0d4 00000110 T Loop_Connect
0011b1e4 00000050 T Loop_CheckNewConnections
0011b234 000000b0 T Loop_GetMessage
0011b2e4 000000b8 T Loop_SendMessage
0011b39c 00000098 T Loop_SendUnreliableMessage
0011b434 00000014 T Loop_CanSendMessage
0011b448 00000008 T Loop_CanSendUnreliableMessage
0011b450 00000048 T Loop_Close
0011b498 000000cc t NET_Listen_f
0011b564 000000a0 t NET_Port_f
0011b604 00000118 t MaxPlayers_f
0011b720 00000154 T NET_Slist_f
0011b878 00000148 t Slist_Send
0011b9c0 00000244 t Slist_Poll
0011bc04 00000018 T SetNetTime
0011bc1c 000000d8 T NET_NewQSocket
0011bcf4 00000088 T NET_FreeQSocket
0011bd7c 00000154 T NET_CheckNewConnections
0011bed0 000000c8 T NET_Close
0011bf98 00000264 T NET_GetMessage
0011c1fc 000000f0 T NET_SendMessage
0011c2ec 000000f0 T NET_SendUnreliableMessage
0011c3dc 000000b4 T NET_CanSendMessage
0011c490 00000478 T NET_SendToAll
0011c908 00000388 T NET_Init
0011cc90 000001a0 T NET_Shutdown
0011ce30 00000128 T NET_Poll
0011cf58 00000450 T NET_Connect
0011d3a8 00000084 T SchedulePollProcedure
0011d42c 00000004 T VCR_Shutdown
0011d430 00000004 T VCR_Close
0011d434 00000004 T VCR_SearchForHosts
0011d438 00000008 T VCR_Connect
0011d440 0000009c T VCR_Init
0011d4dc 000000c8 T VCR_SendMessage
0011d5a4 000000c8 T VCR_CanSendMessage
0011d66c 00000168 T VCR_GetMessage
0011d7d4 00000120 T VCR_CheckNewConnections
0011d8f4 0000001c T PF_fabs
0011d910 00000018 T PF_precache_file
0011d928 00000014 T PF_traceon
0011d93c 00000014 T PF_traceoff
0011d950 00000044 T PF_rint
0011d994 00000020 T PF_break
0011d9b4 00000024 T PF_Remove
0011d9d8 0000002c T PF_makevectors
0011da04 00000044 T PF_setorigin
0011da48 0000000c T PF_Fixme
0011da54 000000bc T PF_precache_sound
0011db10 00000108 T PF_setspawnparms
0011dc18 000000d0 T PF_lightstyle
0011dce8 00000074 T PF_normalize
0011dd5c 00000038 T PF_vlen
0011dd98 0000007c T PF_vectoyaw
0011de18 000000f4 T PF_vectoangles
0011df0c 00000038 T PF_random
0011df44 00000030 T PF_particle
0011df74 0000010c T PF_ambientsound
0011e080 000000fc T PF_sound
0011e17c 00000100 T PF_traceline
0011e27c 00000120 T PF_droptofloor
0011e39c 000000e0 T PF_Find
0011e47c 00000078 T PF_nextent
0011e4f4 000000a8 T PF_stuffcmd
0011e59c 00000024 T PF_localcmd
0011e5c0 00000030 T PF_cvar
0011e5f0 0000002c T PF_cvar_set
0011e620 00000170 T PF_findradius
0011e790 0000007c T PF_ftos
0011e80c 00000070 T PF_vtos
0011e87c 0000002c T PF_Spawn
0011e8a8 000000d0 T PF_precache_model
0011e978 00000004 T PF_coredump
0011e97c 00000030 T PF_eprint
0011e9b0 000000fc T PF_walkmove
0011eaac 00000028 T PF_floor
0011ead4 00000028 T PF_ceil
0011eafc 00000038 T PF_checkbottom
0011eb34 00000028 T PF_pointcontents
0011eb60 000003f4 T PF_aim
0011ef54 000000d4 T PF_changeyaw
0011f028 000000cc T PF_makestatic
0011f0f4 00000054 T PF_changelevel
0011f148 00000074 T PF_bprint
0011f1bc 00000074 T PF_dprint
0011f230 000000f8 T PF_setsize
0011f328 000000c4 T PF_error
0011f3ec 000000d0 T PF_objerror
0011f4bc 000000e4 T PF_sprint
0011f5a0 000000e4 T PF_centerprint
0011f684 00000108 T PF_WriteAngle
0011f78c 00000108 T PF_WriteCoord
0011f894 000000f0 T PF_WriteByte
0011f984 000000f0 T PF_WriteChar
0011fa74 000000f0 T PF_WriteShort
0011fb64 000000f0 T PF_WriteLong
0011fc54 000000f8 T PF_WriteString
0011fd4c 0000010c T PF_WriteEntity
0011fe58 00000200 T PF_setmodel
00120058 00000118 T PF_newcheckclient
00120170 00000180 T PF_checkclient
001202f0 00000128 T ED_Count
00120418 0000018c T ED_Alloc
001205a4 00000088 T ED_Free
0012062c 0000011c T GetEdictFieldValue
00120748 00000268 T PR_ValueString
001209b0 000001a4 t ED_Print.part.0
00120b54 000000ac T ED_PrintEdicts
00120c00 00000098 T ED_PrintEdict_f
00120c98 00000234 T PR_UglyValueString
00120ecc 00000128 T PR_GlobalString
00120ff4 000000fc T PR_GlobalStringNoContents
001210f0 0000001c T ED_Print
0012110c 00000168 T ED_Write
00121274 0000006c T ED_PrintNum
001212e0 00000114 T ED_WriteGlobals
001213f4 000002e4 T ED_ParseEpair
001216d8 00000138 T ED_ParseGlobals
00121810 00000288 T ED_ParseEdict
00121a98 00000324 T ED_LoadFromFile
00121dbc 00000498 T PR_LoadProgs
00122254 000000b8 T PR_Init
0012230c 00000048 T EDICT_NUM
00122354 0000004c T NUM_FOR_EDICT
001223a0 00000188 T PR_PrintStatement
00122528 00000138 t PR_RunError.constprop.0
00122660 000000b8 T PR_Profile_f
00122718 00000134 T PR_RunError
0012284c 00000158 T PR_EnterFunction
001229a8 00000af0 T PR_ExecuteProgram
00123498 0000008c T R_InitParticles
00123528 000001f8 T R_EntityParticles
00123720 00000070 T R_ClearParticles
00123790 00000158 T R_ReadPointFile_f
001238e8 000001d4 T R_ParticleExplosion
00123ac0 00000128 T R_ParticleExplosion2
00123be8 000001f4 T R_BlobExplosion
00123de0 00000290 T R_RunParticleEffect
00124070 00000090 T R_ParseParticleEffect
00124100 00000180 T R_LavaSplash
00124280 000001bc T R_TeleportSplash
00124440 000004c8 T R_RocketTrail
00124908 00000394 T R_DrawParticles
00124c9c 00000028 T Sbar_ShowScores
00124cc4 00000020 T Sbar_DontShowScores
00124ce4 00000014 T Sbar_Changed
00124cf8 000003c0 T Sbar_Init
001250b8 0000014c T Sbar_SoloScoreboard
00125204 00000258 T Sbar_DrawWeaponPic
00125460 000002a4 T Sbar_DrawHealth
00125704 000002c4 T Sbar_DrawWW
001259c8 00000618 T Sbar_DrawAmmoBetter
00125fe0 00000210 T Sbar_DrawNade
001261f0 0000014c T Sbar_DrawMedal
0012633c 000000e8 T Sbar_DrawSlowmo
00126424 00000324 T Sbar_CrossHairs
00126748 00000288 T Sbar_DrawInventory
001269d0 000009b4 T Sbar_DeathmatchOverlay
00127384 00000130 T Sbar_Draw
001274b4 00000674 T Sbar_IntermissionOverlay
00127b28 00000048 T Sbar_FinaleOverlay
00127b70 000000b4 T SV_Init
00127c24 000000c4 T SV_StartParticle
00127ce8 000001ec T SV_StartSound
00127ed4 00000214 T SV_SendServerinfo
001280e8 00000208 T SV_ConnectClient
001282f0 000000c8 T SV_CheckForNewClients
001283b8 0000000c T SV_ClearDatagram
001283c4 00000220 T SV_AddToFatPVS
001285e8 000006b0 T SV_WriteEntitiesToClient
00128c98 0000056c T SV_WriteClientdataToMessage
00129204 000000bc T SV_SendClientDatagram
001292c0 0000017c T SV_UpdateToReliableMessages
00129440 0000024c T SV_SendClientMessages
0012968c 00000074 T SV_ModelIndex
00129700 000001bc T SV_CreateBaseline
001298bc 00000070 T SV_SendReconnect
0012992c 00000134 T SV_SaveSpawnparms
00129a60 00000434 T SV_SpawnServer
00129e94 00000228 T SV_CheckBottom
0012a0bc 0000040c T SV_movestep
0012a4c8 00000430 T SV_StepDirection
0012a8f8 00000bcc T SV_NewChaseDir
0012b4c4 0000014c T SV_MoveToGoal
0012b610 00000608 T SV_FlyMove
0012bc18 000001b4 T SV_PushEntity
0012bdcc 000003ec T SV_PushMove
0012c1b8 0000011c T SV_CheckStuck
0012c2d4 00000314 T SV_TryUnstick
0012c5e8 00000340 T SV_WalkMove
0012c928 000005f0 T SV_Physics_Toss
0012cf18 0000067c t SV_Physics_Client.part.2
0012d598 00000404 T SV_Physics_Step
0012d99c 000003d4 T SV_Physics
0012dd70 0000047c T SV_SetIdealPitch
0012e1ec 0000019c T SV_UserFriction
0012e388 00000214 T SV_WaterMove
0012e59c 000002cc T SV_AirMove
0012e868 00000210 T SV_ClientThink
0012ea78 0000012c T SV_ReadClientMove
0012eba4 0000034c T SV_ReadClientMessage
0012eef0 00000114 T SV_RunClients
0012f004 0000002c T V_BonusFlash_f
0012f030 00000050 T V_cshift_f
0012f080 00000060 T V_StartPitchDrift
0012f0e0 00000094 T V_CalcRoll
0012f178 00000130 T V_CalcBob
0012f2a8 00000034 T V_StopPitchDrift
0012f2dc 00000188 T V_DriftPitch
0012f468 00000210 T V_ParseDamage
0012f678 00000088 T V_SetContentsColor
0012f700 000004dc T V_UpdatePalette
0012fbe0 00000240 T CalcGunAngle
0012fe20 000000c4 T V_AddIdle
0012fee4 00000138 T V_CalcViewRoll
00130020 0000046c T V_CalcRefdef
0013048c 000001bc T V_RenderView
00130648 000001a4 T V_Init
001307ec 00000390 T W_LoadWadFile
00130b7c 000002e0 T W_GetLumpName
00130e5c 00000034 T SwapPic
00130e90 00000934 T SV_CreateAreaNode
001317c4 000001b8 T SV_ClearWorld
0013197c 0000002c T SV_UnlinkEdict
001319a8 00000184 T SV_TouchLinks
00131b2c 00000128 T SV_FindTouchedLeafs
00131c54 000001e0 T SV_LinkEdict
00131e34 000000f8 T SV_PointContents
00131f30 0000058c T SV_RecursiveHullCheck
001324bc 000002bc T SV_ClipMoveToEntity
00132778 00000308 T SV_ClipToLinks
00132a80 00000138 T SV_TestEntityPosition
00132bb8 000001fc T SV_Move
00132db4 000000bc T Cache_Flush
00132e70 000000f4 T Z_Free
00132f64 000001a4 T Z_Malloc
00133108 000000a8 T Hunk_Check
001331b0 00000010 T Hunk_LowMark
001331c0 00000058 T Hunk_FreeToLowMark
00133218 00000284 T Cache_Move
0013349c 00000104 T Hunk_AllocName
001335a0 000002d4 T Hunk_HighAllocName
00133874 0000014c T Hunk_TempAlloc
001339c0 0000010c T Hunk_Alloc
00133acc 00000054 T Cache_Report
00133b20 00000094 T Cache_Free
00133bb4 00000084 T Cache_Check
00133c38 000003c4 T Cache_Alloc
00133ffc 00000210 T Memory_Init
0013420c 00000024 T Sys_FileClose
00134230 00000030 T Sys_FileSeek
00134260 0000001c T Sys_FileRead
0013427c 0000001c T Sys_FileWrite
00134298 0000002c T Sys_FileTime
001342c4 00000004 T Sys_mkdir
001342c8 00000054 T Sys_Printf
0013431c 00000020 T Sys_Quit
0013433c 00000074 T Sys_Error
001343b0 00000144 T Sys_FileOpenRead
001344f4 0000010c T Sys_FileOpenWrite
00134600 00000014 t sysAptHook
00134618 0000004c T Sys_FloatTime
00134664 00000008 T Sys_ConsoleInput
0013466c 00000164 T CTR_SetKeys
001347d0 0000004c T Sys_SendKeyEvents
0013481c 00000004 T Sys_HighFPPrecision
00134820 00000004 T Sys_LowFPPrecision
00134824 0000008c T Sys_DefaultConfig
001348b0 00000030 T Sys_Init
001348e0 000001b4 T main
00134a94 00000004 T D_DrawPoly
00134a98 0000011c T D_DrawSolidSurface
00134bb8 00000248 T D_CalcGradients
00134e00 000004ac T D_DrawSurfaces
001352ac 00000084 T D_Init
00135330 00000004 T D_EnableBackBufferAccess
00135334 00000004 T D_TurnZOn
00135338 00000004 T D_DisableBackBufferAccess
0013533c 0000014c T D_SetupFrame
00135488 000001fc T D_ViewChanged
00135684 00000004 T D_EndParticles
00135688 00000004 T D_StartParticles
00135690 00000468 T D_DrawParticle
00135af8 000000c8 T D_PolysetDrawFinalVerts
00135bc0 00000930 T D_PolysetRecursiveTriangle
001364f0 00000170 T D_DrawSubdiv
00136660 00000074 T D_PolysetUpdateTables
001366d4 000003c0 T D_PolysetScanLeftEdge
00136a94 0000025c T D_PolysetCalcGradients
00136cf0 000001a8 T D_PolysetDrawSpans8
00136e98 0000099c T D_RasterizeAliasPolySmooth
00137834 000002ac T D_DrawNonSubdiv
00137ae0 00000054 T D_PolysetDraw
00137b38 00000244 T D_WarpScreen
00137d7c 000000d0 T D_DrawTurbulent8Span
00137e50 0000042c T Turbulent8
0013827c 000007d0 T D_DrawSpans16Qb
00138a4c 000007e8 T D_DrawSpans16QbDither
00139238 00000124 T D_DrawZSpans
00139360 00000174 T D_Sky_uv_To_st
001394d4 000001c0 T D_DrawSkyScans8
00139694 00000608 T D_SpriteDrawSpans
00139c9c 00000130 T D_SpriteScanLeftEdge
00139dcc 000001a4 T D_SpriteScanRightEdge
00139f70 00000264 T D_SpriteCalculateGradients
0013a1d4 00000150 T D_DrawSprite
0013a324 0000008c T D_InitCaches
0013a3b0 0000005c T D_FlushCaches
0013a40c 0000024c T D_SCAlloc
0013a658 000001cc T D_CacheSurface
0013a824 00000004 T Draw_PicFromWad
0013a828 000000f4 T Draw_CachePic
0013a91c 00000074 T Draw_Init
0013a990 00000210 T Draw_Character
0013aba0 0000003c T Draw_String
0013abdc 00000100 T Draw_Pic
0013acdc 00000234 T Draw_TransPic
0013af10 0000025c T Draw_TransPicTranslate
0013b16c 00000440 T Draw_ConsoleBackground
0013b5ac 000002b8 T Draw_TileClear
0013b864 000001ac T Draw_Fill
0013ba10 00000080 T Draw_FadeScreen
0013ba90 00000040 T Draw_BeginDisc
0013bad0 00000020 T Draw_EndDisc
0013baf0 0000111c t Mod_LoadTextures.part.0
0013cc0c 00000014 T Mod_Init
0013cc20 00000088 T Mod_PointInLeaf
0013cca8 000000c4 T Mod_LeafPVS
0013cd6c 00000050 T Mod_ClearAll
0013cdbc 0000012c T Mod_FindName
0013cee8 0000002c T Mod_TouchModel
0013cf14 000000f0 T Mod_LoadVertexes
0013d004 00000164 T Mod_LoadSubmodels
0013d168 000000c4 T Mod_LoadEdges
0013d230 00000238 T Mod_LoadTexinfo
0013d468 00000294 T CalcSurfaceExtents
0013d6fc 00000208 T Mod_LoadFaces
0013d904 000001b0 T Mod_SetParent
0013dab4 00000214 T Mod_LoadNodes
0013dcc8 000001a4 T Mod_LoadLeafs
0013de6c 00000158 T Mod_LoadClipnodes
0013dfc4 000000dc T Mod_LoadMarksurfaces
0013e0a0 00000148 T Mod_LoadPlanes
0013e1e8 000004b8 T Mod_LoadBrushModel
0013e6a0 000001f0 T Mod_LoadAliasGroup
0013e890 000001dc T Mod_LoadAliasSkinGroup
0013ea70 000006a0 T Mod_LoadAliasModel
0013f110 0000013c T Mod_LoadSpriteFrame
0013f24c 000000f8 T Mod_LoadSpriteGroup
0013f344 000001d0 T Mod_LoadSpriteModel
0013f514 000000e8 t Mod_LoadModel.part.1
0013f5fc 00000058 T Mod_ForName
0013f654 00000080 T Mod_Extradata
0013f6d4 000000bc T Mod_Print
0013f790 00000004 T R_SurfacePatch
0013f794 00000220 T R_Alias_clip_z
0013f9b8 000018a0 T R_AliasClipTriangle
00141258 00000cf8 T R_AliasCheckBBox
00141f50 000003dc T R_AliasPreparePoints
00142330 000002cc T R_AliasSetUpTransform
001425fc 000001d0 T R_AliasTransformAndProjectFinalVerts
001427cc 00000084 T R_AliasProjectFinalVert
00142850 00000170 T R_AliasSetupSkin
001429c0 000000ec T R_AliasSetupLighting
00142aac 00000130 T R_AliasSetupFrame
00142bdc 000001dc T R_AliasDrawModel
00142db8 00000298 T R_RotateBmodel
00143050 00000530 T R_RecursiveClipBPoly
00143580 0000020c T R_DrawSolidClippedSubmodelPolygons
00143790 000000fc T R_DrawSubmodelPolygons
00143890 00000730 T R_RecursiveWorldNode
00143fc0 000000d8 T R_RenderWorld
00144098 0000050c T R_EmitEdge
001445a4 00000244 T R_ClipEdge
001447e8 00000800 T R_RenderFace
00144fe8 00000570 T R_RenderBmodelFace
00145558 00000584 T R_RenderPoly
00145ae0 000000dc T R_ZDrawSubmodelPolys
00145bbc 000002b4 T R_GenerateSpansBackward
00145e70 00000434 T R_GenerateSpans
001462a4 00000120 T R_BeginEdgeFrame
001463c4 000000f4 T R_StepActiveU
001464b8 000005e0 T R_ScanEdges
00146a98 00000088 T R_RemoveEfrags
00146b20 0000018c T R_SplitEntityOnNode
00146cac 000000c4 T R_SplitEntityOnNode2
00146d70 000000d4 T R_AddEfrags
00146e44 00000094 T R_StoreEfrags
00146ed8 00000094 T R_AnimateLight
00146f6c 000000fc T R_MarkLights
00147068 000000a8 T R_PushDlights
00147110 000002b4 T RecursiveLightPoint
001473c4 000002c0 T R_LightPoint
00147684 00000218 T R_InitTextures
001478a0 00000258 T R_Init
00147af8 00000178 T R_NewMap
00147c70 00000120 T R_SetVrect
00147d90 00000568 T R_ViewChanged
001482f8 0000027c T R_DrawEntitiesOnList
00148574 00000224 T R_DrawViewModel
00148798 00000428 T R_BmodelCheckBBox
00148bc0 0000038c t R_DrawBEntitiesOnList.part.1
00148f4c 000001b4 T R_EdgeDrawing
00149100 0000038c T R_RenderView_
0014948c 00000068 T R_RenderView
001494f8 000000cc T R_TimeRefresh_f
001495c8 00000190 T R_TimeGraph
00149758 00000088 T R_PrintTimes
001497e0 00000138 T R_PrintDSpeeds
00149918 00000018 T R_PrintAliasStats
00149930 000001ac T R_TransformFrustum
00149adc 00000094 T TransformVector
00149b70 00000760 T R_SetupFrame
0014a2d0 0000025c T R_InitSky
0014a52c 000000e8 T R_MakeSky
0014a614 000000b8 T R_SetSkyFrame
0014a6cc 00000204 T R_ClipSpriteFace
0014a8d0 0000037c T R_SetupAndDrawSprite
0014ac50 00000440 T R_DrawSprite
0014b090 000002f0 T R_DrawSurfaceBlock8_mip0
0014b380 00000250 T R_DrawSurfaceBlock8_mip1
0014b5d0 00000408 T R_DrawSurfaceBlock8_mip2
0014b9d8 000001f4 T R_DrawSurfaceBlock8_mip3
0014bbcc 000001a8 T R_DrawSurfaceBlock16
0014bd74 0000020c T R_AddDynamicLights
0014bf80 0000016c T R_BuildLightMap
0014c0f0 000000c8 T R_TextureAnimation
0014c1b8 0000021c T R_DrawSurface
0014c3d4 0000003c T SCR_SizeUp_f
0014c410 0000003c T SCR_SizeDown_f
0014c44c 00000090 T SCR_CenterPrint
0014c4e0 000001a0 T SCR_DrawCenterString
0014c680 000000fc T SCR_Init
0014c77c 000002ec T WritePCXfile
0014ca68 000000f8 T SCR_ScreenShot_f
0014cb60 00000020 T SCR_EndLoadingPlaque
0014cb80 000004fc T SCR_DrawScreen
0014d080 00000704 t SCR_UpdateScreen.part.8
0014d788 00000264 T SCR_ModalMessage
0014d9f0 000001b8 T SCR_BeginLoadingPlaque
0014dba8 00000130 T SCR_UpdateScreen
0014dcd8 000000dc T S_SoundInfo_f
0014ddb4 000000bc T S_SoundList
0014de70 00000118 t SND_Spatialize.part.1
0014df88 000000ac T S_StopAllSoundsC
0014e038 00000830 t S_StartSound.part.2
0014e868 00000254 T S_PlayVol
0014eabc 00000230 T S_Play
0014ecec 000001ac t S_Update_.part.6
0014ee98 00000568 T S_Init
0014f400 00000040 T S_Shutdown
0014f440 00000100 T S_TouchSound
0014f540 00000144 T S_PrecacheSound
0014f684 00000034 T S_StartSound
0014f6b8 00000120 T S_StopSound
0014f7d8 000000b8 T S_StopAllSounds
0014f890 00000060 T S_ClearBuffer
0014f8f0 00000114 T S_StaticSound
0014fa04 000005e8 T S_Update
0014ffec 0000003c T S_ExtraUpdate
00150028 000001ac T S_LocalSound
001501d4 00000004 T S_BeginPrecaching
001501d8 00000004 T S_EndPrecaching
001501dc 000000bc T Snd_WriteLinearBlastStereo16
00150298 00000240 T S_TransferPaintBuffer
001504d8 000002c8 T S_PaintChannels
001507a0 00000044 T SND_InitScaletable
001507e4 00000324 T ResampleSfx
00150b08 00000524 T GetWavinfo
0015102c 0000014c T S_LoadSound
00151178 00000080 t csndAptHook
001511f8 000001e4 T SNDDMA_Init
001513dc 00000068 T SNDDMA_GetDMAPos
00151444 00000090 T SNDDMA_Shutdown
001514d4 00000048 T SNDDMA_Submit
0015151c 00000048 T VID_ShiftPalette
00151564 00000180 T VID_Init
001516e4 00000028 T VID_SetBuffer
0015170c 00000030 T VID_Shutdown
0015173c 00000134 T VID_Update
00151870 00000004 T D_BeginDirectRect
00151874 00000004 T D_EndDirectRect
00151878 00000264 T UDP_Init
00151adc 0000005c T UDP_Shutdown
00151b38 00000100 T UDP_Listen
00151c38 00000098 T UDP_OpenSocket
00151cd0 0000001c T UDP_CloseSocket
00151cec 00000008 T UDP_Connect
00151cf4 0000005c T UDP_CheckNewConnections
00151d50 00000030 T UDP_Read
00151d80 00000070 T UDP_Broadcast
00151df0 00000028 T UDP_Write
00151e18 00000064 T UDP_AddrToString
00151e7c 0000007c T UDP_StringToAddr
00151ef8 00000078 T UDP_GetSocketAddr
00151f70 000000a8 T UDP_GetNameFromAddr
00152018 000001bc T UDP_GetAddrFromName
001521d4 0000003c T UDP_AddrCompare
00152210 00000010 T UDP_GetSocketPort
00152220 00000010 T UDP_SetSocketPort
00152230 00000020 T IN_Init
00152250 00000004 T IN_Shutdown
00152254 00000004 T IN_Commands
00152258 00000378 T IN_Move
001525d0 00000004 T CDAudio_Play
001525d4 00000004 T CDAudio_Pause
001525d8 00000004 T CDAudio_Resume
001525dc 00000004 T CDAudio_Update
001525e0 00000008 T CDAudio_Init
001525e8 00000004 T CDAudio_Shutdown
001525ec 00000164 T Touch_Init
00152750 000000b0 T Touch_DrawKeyboard
00152800 00000074 T Touch_DrawOverlay
00152874 00000104 T Touch_KeyboardTap
00152978 00000164 T Touch_ProcessTap
00152adc 00000074 T Touch_Update
00152b50 00000024 t addrMapNodeComparator(rbtree_node const*, rbtree_node const*)
00152b74 00000004 t addrMapNodeDestructor(rbtree_node*)
00152b78 0000013c T linearMemAlign
00152cb4 00000008 T linearAlloc
00152cbc 00000050 T linearFree
00152d0c 00000098 T MemPool::CoalesceRight(MemBlock*)
00152da4 00000178 T MemPool::Allocate(MemChunk&, unsigned long, int)
00152f1c 00000100 T MemPool::Deallocate(MemChunk const&)
0015301c 00000058 t getSysTime
00153074 0000004c T osConvertVirtToPhys
001530c0 00000024 T osGetMemRegionUsed
001530e8 000000f4 T __libctru_gtod
001531dc 00000034 T __ctru_speedup_config
00153210 00000010 T osSetSpeedupEnable
00153220 000001b0 T consoleDrawChar
001533d0 00000124 T consolePrintChar
001534f4 00000190 t consoleCls
00153684 00000104 T consoleInit
00153788 00000144 t consoleClearLine
001538cc 000000bc t newRow
00153988 00000774 T con_write
001540fc 0000008c t gfxSetFramebufferInfo.part.0
00154188 00000010 T gfxSet3D
00154198 00000018 T __get_bytes_per_pixel
001541b0 00000180 T gfxSetScreenFormat
00154330 00000010 T gfxSetDoubleBuffering
00154340 00000070 T gfxSetFramebufferInfo
001543b0 000000b0 T gfxWriteFramebufferInfo
00154460 0000020c T gfxInit
0015466c 000000e0 T gfxExit
0015474c 000000bc T gfxGetFramebuffer
00154808 000000e0 T gfxFlushBuffers
001548e8 00000060 T gfxConfigScreen
00154948 00000020 T gfxSwapBuffersGpu
00154968 00000150 t ndspUpdateMaster
00154ab8 000000f4 t ndspFinalize
00154bac 00000274 t ndspInitialize
00154e20 00000078 t ndspAptHook
00154e98 00000168 t ndspSync
00155000 00000104 t ndspThreadMain
00155104 0000037c T ndspInit
00155480 000000fc T ndspExit
0015557c 00000034 T ndspSetOutputMode
001555b0 0000009c T ndspChnReset
0015564c 00000018 T ndspChnSetFormat
00155664 00000048 T ndspChnSetInterp
001556ac 0000005c T ndspChnSetRate
00155708 00000068 T ndspChnWaveBufClear
00155770 000000b8 T ndspChnWaveBufAdd
00155828 00000034 T ndspiInitChn
0015585c 0000002c T ndspiDirtyChn
00155888 0000045c T ndspiUpdateChn
00155ce4 000001c0 T ndspiReadChnState
00155ea4 000000ac T irrstScanInput
00155f50 00000024 T irrstKeysHeld
00155f74 00000018 T irrstCstickRead
00155f8c 00000050 T IRRST_GetHandles
00155fdc 0000015c T irrstInit
00156138 0000002c T IRRST_Shutdown
00156164 000000ac T irrstExit
00156210 0000003c T dspExit
0015624c 0000004c T DSP_FlushDataCache
00156298 00000034 T DSP_SetSemaphore
001562cc 00000034 T DSP_SetSemaphoreMask
00156300 00000038 T DSP_GetSemaphoreHandle
00156338 00000064 T DSP_LoadComponent
0015639c 0000002c T DSP_UnloadComponent
001563c8 00000088 T dspInit
00156450 00000044 T DSP_RegisterInterruptEvents
00156494 00000070 T DSP_ReadPipeIfPossible
00156504 0000004c T DSP_WriteProcessPipe
00156550 00000040 T DSP_ConvertProcessAddressFromDspDram
00156590 00000040 T DSP_RecvData
001565d0 0000004c T DSP_RecvDataIsReady
0015661c 00000074 T gspInit
00156690 0000003c T gspExit
001566cc 000000a0 T gspInitEventHandler
0015676c 00000040 T gspExitEventHandler
001567ac 00000044 T gspWaitForEvent
001567f0 00000004 W gxCmdQueueInterrupt
001567f4 0000017c t gspEventThreadMain
00156970 0000006c T GSPGPU_SetBufferSwap
001569dc 0000004c T GSPGPU_FlushDataCache
00156a28 00000034 T GSPGPU_SetLcdForceBlack
00156a5c 00000064 T GSPGPU_RegisterInterruptRelayQueue
00156ac0 0000002c T GSPGPU_UnregisterInterruptRelayQueue
00156aec 00000048 T GSPGPU_AcquireRight
00156b34 0000002c T GSPGPU_ReleaseRight
00156b60 00000080 T GSPGPU_ImportDisplayCaptureInfo
00156be0 0000002c T GSPGPU_SaveVramSysArea
00156c0c 0000002c T GSPGPU_RestoreVramSysArea
00156c38 0000004c T CSND_FlushDataCache
00156c84 000001d8 T csndInit
00156e5c 000000a0 T csndExit
00156efc 000000dc T csndAddCmd
00156fd8 000000b8 T csndExecCmds
00157090 00000020 T CSND_SetPlayState
001570b0 0000001c T CSND_UpdateInfo
001570cc 00000274 T csndPlaySound
00157340 00000004 W _aptDebug
00157344 00000138 T aptSendCommand
0015747c 0000003c t aptExitProcess
001574b8 00000034 T aptHook
001574ec 0000002c T aptUnhook
00157518 0000004c T APT_InquireNotification
00157564 0000019c t aptEventHandler
00157700 00000074 T APT_AppletUtility
00157774 000000b4 T aptSetSleepAllowed
00157828 000000b4 T APT_GlanceParameter
001578dc 000000c0 T APT_ReceiveParameter
0015799c 000000bc t aptReceiveParameter.constprop.0
00157a58 000001ec t aptScreenTransfer
00157c44 00000228 t aptWaitForWakeUp
00157e6c 00000070 T APT_CancelParameter
00157edc 0000027c T aptInit
00158158 00000090 t aptClearParamQueue
001581e8 00000210 T aptMainLoop
001583f8 0000021c T aptExit
00158614 0000007c T APT_CheckNew3DS
00158690 000000a4 T cfguInit
00158734 0000003c T cfguExit
00158770 00000048 T CFGU_GetConfigInfoBlk2
001587b8 000000d0 T hidExit
00158888 00000268 T hidScanInput
00158af0 00000010 T hidKeysHeld
00158b00 00000010 T hidKeysDown
00158b10 00000010 T hidKeysUp
00158b20 00000018 T hidTouchRead
00158b38 00000018 T hidCircleRead
00158b50 00000090 T HIDUSER_GetHandles
00158be0 000001ac T hidInit
00158d8c 00000074 T ptmSysmInit
00158e00 0000003c T ptmSysmExit
00158e3c 00000034 T PTMSYSM_ConfigureNew3DSCPU
00158e70 00000028 t fsSessionForArchive.part.0
00158e98 000000cc T fsInit
00158f64 0000003c T fsExit
00158fa0 000000a0 T fsExemptFromSession
00159040 00000050 T fsUnexemptFromSession
00159090 000000bc T FSUSER_OpenFile
0015914c 000000d4 T FSUSER_OpenFileDirectly
00159220 000000a4 T FSUSER_DeleteFile
001592c4 000000e0 T FSUSER_RenameFile
001593a4 000000a4 T FSUSER_DeleteDirectory
00159448 000000bc T FSUSER_CreateFile
00159504 000000ac T FSUSER_CreateDirectory
001595b0 000000e0 T FSUSER_RenameDirectory
00159690 000000a4 T FSUSER_OpenDirectory
00159734 00000098 T FSUSER_OpenArchive
001597cc 00000074 T FSUSER_CloseArchive
00159840 00000078 T FSUSER_GetSdmcArchiveResource
001598b8 00000064 T FSUSER_IsSdmcWritable
0015991c 0000005c T FSFILE_Read
00159978 00000064 T FSFILE_Write
001599dc 0000003c T FSFILE_GetSize
00159a18 0000002c T FSFILE_SetSize
00159a44 0000003c T FSFILE_Close
00159a80 00000024 T FSFILE_Flush
00159aa4 00000054 T FSDIR_Read
00159af8 0000003c T FSDIR_Close
00159b34 00000024 T inet_addr
00159b58 00000154 T socket
00159cac 00000158 T gethostbyaddr
00159e04 0000003c T _net_convert_error
00159e40 0000016c T gethostbyname
00159fac 00000054 T gethostid
0015a000 000001ec T inet_aton
0015a1ec 0000017c T bind
0015a368 00000160 T fcntl
0015a4c8 000000d0 T inet_ntoa
0015a598 00000010 t soc_open
0015a5a8 00000030 t soc_read
0015a5d8 00000030 t soc_write
0015a608 00000090 t soc_close
0015a698 00000140 T socInit
0015a7d8 00000088 T socExit
0015a860 0000015c T getsockname
0015a9bc 00000140 T socuipc_cmd7
0015aafc 00000154 T socuipc_cmd8
0015ac50 00000024 T soc_recvfrom
0015ac74 00000098 T recvfrom
0015ad0c 0000015c T socuipc_cmd9
0015ae68 00000160 T socuipc_cmda
0015afc8 00000024 T soc_sendto
0015afec 00000098 T sendto
0015b084 00000014 T rbtree_init
0015b098 0000018c t do_insert
0015b224 00000008 T rbtree_insert
0015b22c 00000094 T rbtree_rotate
0015b2c0 00000324 T rbtree_remove
0015b5e4 00000070 T rbtree_find
0015b654 00000038 W __libctru_init
0015b68c 00000030 t __ctru_get_reent
0015b6bc 000000e4 T __system_initSyscalls
0015b7a0 00000058 t osGetMemRegionSize
0015b7f8 00000104 W __system_allocateHeaps
0015b8fc 000000e8 T __system_initArgv
0015b9e4 T svcControlMemory
0015ba04 T svcExitProcess
0015ba0c T svcCreateThread
0015ba2c T svcExitThread
0015ba34 T svcSleepThread
0015ba3c T svcReleaseMutex
0015ba44 T svcCreateEvent
0015ba58 T svcSignalEvent
0015ba60 T svcClearEvent
0015ba68 T svcCreateMemoryBlock
0015ba80 T svcMapMemoryBlock
0015ba88 T svcUnmapMemoryBlock
0015ba90 T svcCreateAddressArbiter
0015baa4 T svcArbitrateAddress
0015babc T svcCloseHandle
0015bac4 T svcWaitSynchronization
0015bacc T svcWaitSynchronizationN
0015baf4 T svcDuplicateHandle
0015bb08 T svcGetSystemTick
0015bb10 T svcGetSystemInfo
0015bb28 T svcConnectToPort
0015bb3c T svcSendSyncRequest
0015bb44 T svcBreak
0015bb4c 00000024 t addrMapNodeComparator(rbtree_node const*, rbtree_node const*)
0015bb70 00000004 t addrMapNodeDestructor(rbtree_node*)
0015bb74 0000012c T vramMemAlign
0015bca0 00000008 T vramAlloc
0015bca8 00000050 T vramFree
0015bcf8 00000024 t addrMapNodeComparator(rbtree_node const*, rbtree_node const*)
0015bd1c 00000004 t addrMapNodeDestructor(rbtree_node*)
0015bd20 000000f4 T mappableAlloc
0015be14 00000050 T mappableFree
0015be64 00000034 t LightLock_Unlock.part.1
0015be98 0000000c T __sync_init
0015bea4 00000018 T __sync_fini
0015bebc 00000010 T __sync_get_arbiter
0015becc 00000018 T LightLock_Init
0015bee4 000000a0 T LightLock_Lock
0015bf84 00000034 T LightLock_TryLock
0015bfb8 00000020 T LightLock_Unlock
0015bfd8 00000024 T RecursiveLock_Init
0015bffc 00000030 T RecursiveLock_Lock
0015c02c 00000058 T RecursiveLock_TryLock
0015c084 00000038 T RecursiveLock_Unlock
0015c0bc 00000038 T LightEvent_Init
0015c0f4 0000007c T LightEvent_Clear
0015c170 000000dc T LightEvent_Signal
0015c24c 000000d0 T LightEvent_Wait
0015c31c 00000084 T envGetHandle
0015c3a0 0000004c T envDestroyHandles
0015c3ec 00000058 T srvExit
0015c444 00000038 T srvRegisterClient
0015c47c 0000007c T srvInit
0015c4f8 00000068 T srvGetServiceHandleDirect
0015c560 00000038 T srvGetServiceHandle
0015c598 0000001c t threadFree.part.0
0015c5b4 000001bc T threadCreate
0015c770 00000024 T threadJoin
0015c794 00000064 T threadExit
0015c7f8 00000040 t _thread_begin
0015c838 00000074 T rbtree_node_next
0015c8ac 0000001c W __appInit
0015c8c8 0000001c W __appExit
0015c8e4 000000a4 W __libctru_exit
0015c988 00000010 t sdmc_link
0015c998 00000010 t sdmc_dirreset
0015c9a8 00000010 t sdmc_fchmod
0015c9b8 00000024 t error_cmp
0015c9dc 00000050 t sdmc_translate_error
0015ca2c 00000034 t sdmc_fsync
0015ca60 00000054 t sdmc_ftruncate
0015cab4 000000b8 t sdmc_statvfs
0015cb6c 00000038 t sdmc_dirclose
0015cba4 00000138 t sdmc_dirnext
0015ccdc 00000034 t sdmc_close
0015cd10 00000074 t sdmc_fstat
0015cd84 000000d8 t sdmc_seek
0015ce5c 00000084 t sdmc_read
0015cee0 000000b8 t sdmc_write
0015cf98 000001a8 t sdmc_utf16path
0015d140 00000074 t sdmc_rmdir
0015d1b4 000000a4 t sdmc_diropen
0015d258 000000a0 t sdmc_chdir
0015d2f8 00000098 t sdmc_mkdir
0015d390 00000108 t sdmc_rename
0015d498 00000074 t sdmc_unlink
0015d50c 00000108 t sdmc_stat
0015d614 00000188 t sdmc_open
0015d79c 00000010 t sdmc_chmod
0015d7ac 00000160 T sdmcInit
0015d90c 00000060 T sdmcExit
0015d96c 000000e8 T utf16_to_utf8
0015da54 00000060 T decode_utf16
0015dab4 00000138 T decode_utf8
0015dbec 000000c0 T utf8_to_utf16
0015dcac T __aeabi_read_tp
0015dcb8 00000068 T encode_utf16
0015dd20 00000104 T encode_utf8
0015de28 00000274 T atan
0015e0a0 0000017c T ceil
0015e220 000000c8 T cos
0015e2e8 00000010 T fabs
0015e2f8 00000184 T floor
0015e480 000000d0 T sin
0015e550 00000088 T tan
0015e5d8 00000004 T atan2
0015e5e0 00000398 T pow
0015e978 0000029c T __ieee754_atan2
0015ec18 000008bc T __ieee754_pow
0015f4d8 00000318 T __ieee754_rem_pio2
0015f7f0 00000214 T __ieee754_sqrt
0015fa08 00000150 T __kernel_cos
0015fb58 000008e8 T __kernel_rem_pio2
00160440 000000b8 T __kernel_sin
001604f8 00000288 T __kernel_tan
00160780 00000014 T finite
00160794 00000008 T matherr
001607a0 00000010 T nan
001607b0 00000178 T rint
00160928 00000170 T scalbn
00160a98 0000001c T copysign
00160ab8 00000048 T __aeabi_d2ulz
00160ab8 00000048 T __fixunsdfdi
00160b00 00000128 T __udivmoddi4
00160c28 00000008 T atof
00160c30 0000000c T atoi
00160c3c 00000074 T bsearch
00160cb0 00000020 T calloc
00160cd0 00000090 T _calloc_r
00160d60 0000000c T __errno
00160d6c 00000034 T exit
00160da0 00000154 T _fclose_r
00160ef4 00000018 T fclose
00160f0c 00000254 T __sflush_r
00161160 00000094 T _fflush_r
001611f4 00000038 T fflush
0016122c 000000b4 T fgetc
001612e0 0000000c T _cleanup_r
001612ec 00000080 t std.isra.0
0016136c 00000048 T __sfmoreglue
001613b4 0000008c T __sinit
00161440 00000118 T __sfp
00161558 0000000c T __sfp_lock_acquire
00161564 0000000c T __sfp_lock_release
00161570 00000040 T __libc_fini_array
001615b0 00000148 T _fopen_r
001616f8 00000020 T fopen
00161718 0000003c T fprintf
00161754 000002d4 T _fread_r
00161a28 00000038 T fread
00161a60 000000f8 T _malloc_trim_r
00161b58 000002e4 T _free_r
00161e3c 0000003c T fscanf
00161e78 00000004 T _fseek_r
00161e7c 00000030 T fseek
00161eac 000005d4 T _fseeko_r
00162480 00000034 T ftell
001624b4 000001a0 T _ftello_r
00162654 00000078 T _fwalk
001626cc 00000080 T _fwalk_reent
0016274c 000000f4 T _fwrite_r
00162840 00000038 T fwrite
00162878 00000078 T __libc_init_array
001628f0 00000024 T __locale_mb_cur_max
00162914 00000008 T __locale_ctype_ptr_l
0016291c 00000024 T __locale_ctype_ptr
00162940 00000094 T __swhatbuf_r
001629d4 000000f4 T __smakebuf_r
00162ac8 00000020 T memalign
00162ae8 00000158 T _memalign_r
00162c40 00000018 T malloc
00162c58 00000018 T free
00162c70 0000078c T _malloc_r
001633fc 00000300 T __utf8_mbtowc
001636fc 00000104 T memchr
00163800 00000114 T memcpy
00163914 00000148 T memmove
00163a5c 00000110 T memset
00163b6c 0000000c T __malloc_lock
00163b78 0000000c T __malloc_unlock
00163b84 00000038 T printf
00163bbc 0000001c T putchar
00163bd8 000000d4 T _putc_r
00163cac 000000e0 T _puts_r
00163d8c 00000018 T puts
00163da4 00000044 T rand
00163de8 0000001c t lflush
00163e04 000001b4 T __srefill_r
00163fb8 00000050 T __srget_r
00164008 00000258 T setvbuf
00164260 00000068 T sprintf
001642c8 00000074 T sscanf
0016433c 0000003c T __sread
00164378 00000008 T __seofread
00164380 00000064 T __swrite
001643e4 0000004c T __sseek
00164430 00000008 T __sclose
00164438 00000070 T stpcpy
001644a8 00000068 T strcasecmp
00164510 00000070 T strcat
00164580 000001ac T strchr
0016472c 000000f0 T strcpy
0016481c 0000063c T _strerror_r
00164e58 00000020 T strerror
00164e78 0000005c T strlen
00164ed4 0000008c T strncasecmp
00164f60 0000009c T strncat
00164ffc 00000108 T strncmp
00165104 000000d8 T strncpy
001651dc 00000044 T strrchr
00165220 00000118 t critical_factorization
00165338 00000398 t two_way_long_needle
001656d0 00000368 T strstr
00165a38 00000054 t sulp
00165a90 00001434 T _strtod_l
00166ec4 0000003c T _strtod_r
00166f00 00000040 T strtod
00166f40 00000220 t _strtol_l.isra.0
00167160 00000050 T _strtol_r
001671b0 00000054 T strtol
00167204 00001624 t get_arg
00168828 000041c4 T _svfprintf_r
0016c9ec 0000290c T __ssvfscanf_r
0016f2f8 00000018 T close
0016f310 00000040 T open
0016f350 00000018 T unlink
0016f368 00000028 T write
0016f390 00000008 T _user_strerror
0016f398 0000001c t __sprint_r.part.0
0016f3b4 0000001c T __sprint_r
0016f3d0 00001624 t get_arg
001709f8 00004314 T _vfprintf_r
00174d0c 000000cc t __sbprintf
00174dd8 000029a4 T __svfscanf_r
0017777c 00000038 T _vfscanf_r
001777b4 00000024 T vprintf
001777d8 0000004c T _vsprintf_r
00177824 00000028 T vsprintf
0017784c 00000108 T __swbuf_r
00177954 000000a0 T _wcrtomb_r
001779f4 00000020 T _wcsrtombs_r
00177a14 000000e8 T __utf8_wctomb
00177afc 00000144 T __swsetup_r
00177c40 00000174 T __call_exitprocs
00177db4 000001d0 t quorem
00177f88 00001260 T _dtoa_r
001791e8 000000b0 T __sflags
00179298 000004ac T __sfvwrite_r
00179744 000000f0 t rshift
00179834 000007f4 T __gethex
0017a028 00000064 T __match
0017a08c 00000264 T __hexnan
0017a2f0 00000074 T iswspace
0017a364 00000204 t __jp2uc
0017a568 000000c8 T _jp2uc
0017a630 00000008 T __localeconv_l
0017a638 00000024 T _localeconv_r
0017a65c 000000b4 T _mbrtowc_r
0017a710 000000e8 T memcmp
0017a7f8 00000088 T _Balloc
0017a880 0000001c T _Bfree
0017a89c 000000d8 T __multadd
0017a974 000000f0 T __s2b
0017aa64 00000058 T __hi0bits
0017aabc 0000009c T __lo0bits
0017ab58 00000020 T __i2b
0017ab78 000001cc T __multiply
0017ad44 00000100 T __pow5mult
0017ae44 000000e4 T __lshift
0017af28 00000060 T __mcmp
0017af88 00000198 T __mdiff
0017b120 00000078 T __ulp
0017b198 000000d4 T __b2d
0017b26c 00000108 T __d2b
0017b374 0000007c T __ratio
0017b3f0 0000006c T __copybits
0017b45c 00000080 T __any_on
0017b4dc 000004cc T _realloc_r
0017b9a8 000000cc T __sccl
0017ba74 0000000c T nanf
0017ba80 0000009c T frexp
0017bb1c 00000100 T stpncpy
0017bc1c 000002dc t _strtoll_l.isra.0
0017bef8 00000050 T _strtoll_r
0017bf48 00000268 t _strtoull_l.isra.0
0017c1b0 00000050 T _strtoull_r
0017c200 000001e4 t _strtoul_l.isra.0
0017c3e4 00000050 T _strtoul_r
0017c434 00000188 T __ssprint_r
0017c5bc 000000e8 T _sungetc_r
0017c6a4 0000006c T __ssrefill_r
0017c710 000000d0 T _sfread_r
0017c7e0 000000a8 T __submore
0017c888 000001f0 T _ungetc_r
0017ca78 00000174 T _wcsnrtombs_l
0017cbec 00000064 T _wcsnrtombs_r
0017cc50 00000008 t null_write
0017cc58 00000018 T setDefaultDevice
0017cc70 000000cc T FindDevice
0017cd3c 00000028 T RemoveDevice
0017cd64 00000098 T AddDevice
0017cdfc 00000084 T _close_r
0017ce80 0000007c T _fstat_r
0017cefc 00000008 T _isatty_r
0017cf04 00000090 T _lseek_r
0017cf94 000000c0 T _open_r
0017d054 00000088 T _read_r
0017d0dc 00000070 T _sbrk_r
0017d14c 0000006c T _unlink_r
0017d1b8 00000088 T _write_r
0017d240 00000024 T _exit
0017d264 000001d4 T _concatenate_path
0017d438 0000015c T chdir
0017d594 00000008 T __flockfile
0017d59c 00000008 T __funlockfile
0017d5a4 00000018 T __libc_lock_acquire
0017d5bc 00000018 T __libc_lock_release
0017d5d4 00000018 T __libc_lock_init_recursive
0017d5ec 00000018 T __libc_lock_acquire_recursive
0017d604 00000018 T __libc_lock_release_recursive
0017d61c 00000018 T __libc_lock_close_recursive
0017d634 0000004c T __free_handle
0017d680 00000040 T __release_handle
0017d6c0 000000b4 T __alloc_handle
0017d774 00000018 T __get_handle
0017d78c 00000028 T __getreent
0017d7b4 0000005c T strnlen
0017d810 T _fini
0017e000 00000010 r __func__.9889
0017e010 0000001c r safeargvs
0017e02c 00000200 r crctable
0017e22c 00000010 r ISA_IRQs
0017e23c 00000010 r ISA_uarts
0017e24c 00002000 r adivtab
0018024c 00000010 r surfmiptable
00180274 R default_font_bin
00180a74 R default_font_bin_end
00180a74 R default_font_bin_size
00184e44 r .LC2
00188004 00000030 r colorTable
00188088 00000068 r dotab_stdout
00188100 00000014 r CSWTCH.28
00188114 00000008 r framebufferInfoSt
0018811c 00000011 r dsp_filename.8365
0018816c 0000000c r serviceNameTable.7531
001881d4 0000004d r _net_error_code_map
00188238 00000030 r error_table
00188278 00000020 r atanhi
00188298 00000020 r atanlo
001882bc 00000080 r npio2_hw
0018833c 00000108 r two_over_pi
00188448 00000040 r PIo2
00188488 00000010 r init_jk
00188498 00000010 r TWO52
001884a8 00000004 R _global_impure_ptr
00188bfc 00000014 r fpi.7277
00188c10 00000014 r fpinan.7313
00188c28 00000028 r tinytens
00188c90 00000010 r blanks.8400
00188ca0 00000010 r zeroes.8401
00188cb8 00000022 r basefix.8441
00188cdc 00000010 r blanks.8415
00188cec 00000010 r zeroes.8416
00188cfc 00000022 r basefix.8460
00188d20 00000101 R _ctype_
00188e34 00000100 R __hexdig
00188f48 000000bc r a1
00189004 000000bc r a2
001890c0 0000005b r a3
0018911c 00000070 r a6
0018918c 000000a2 r a7
00189230 00000040 r a8
00189270 0000172a r b02cf
0018a99c 00001a7c r d02f4
0018c418 00000028 R __mprec_bigtens
0018c440 000000c8 R __mprec_tens
0018c508 0000000c r p05.7191
0018c514 0000006c R __action_table
0018c580 00000100 R __chclass
0018c680 0000006c R __state_table
0018c6f4 00000068 R dotab_stdnull
0018c75c 00000003 R DIRECTORY_PARENT
0018c760 r __EH_FRAME_BEGIN__
0018c760 R __exidx_end
0018c760 R __exidx_start
0018d000 00000014 D chase_back
0018d014 00000014 D chase_up
0018d028 00000014 D chase_right
0018d03c 00000014 D chase_active
0018d050 00000014 D cl_anglespeedkey
0018d064 00000014 D cl_yawspeed
0018d078 00000014 D cl_pitchspeed
0018d08c 00000014 D cl_sidespeed
0018d0a0 00000014 D cl_upspeed
0018d0b4 00000014 D cl_forwardspeed
0018d0c8 00000014 D cl_backspeed
0018d0dc 00000014 D cl_movespeedkey
0018d0f0 00000014 D cl_name
0018d104 00000014 D cl_color
0018d118 00000014 D cl_nolerp
0018d12c 00000014 D cl_shownet
0018d140 00000014 D lookspring
0018d154 00000014 D lookstrafe
0018d168 00000014 D sensitivity
0018d17c 00000014 D m_pitch
0018d190 00000014 D m_yaw
0018d1a4 00000014 D m_forward
0018d1b8 00000014 D m_side
0018d1cc 0000008c D svc_strings
0018d258 00000001 D standard_quake
0018d25c 00000004 D static_registered
0018d260 00000014 D registered
0018d274 00000014 D cmdline
0018d288 00000100 D pop
0018d388 00000014 D con_notifytime
0018d39c 00000004 D con_cursorspeed
0018d3a0 00000004 D cvar_null_string
0018d3a4 00000014 D host_framerate
0018d3b8 00000014 D host_speeds
0018d3cc 00000014 D sys_ticrate
0018d3e0 00000014 D serverprofile
0018d3f4 00000014 D fraglimit
0018d408 00000014 D timelimit
0018d41c 00000014 D teamplay
0018d430 00000014 D samelevel
0018d444 00000014 D noexit
0018d458 00000014 D skill
0018d46c 00000014 D developer
0018d480 00000014 D deathmatch
0018d494 00000014 D coop
0018d4a8 00000014 D pausable
0018d4bc 00000014 D temp1
0018d4d0 00000250 D keynames
0018d720 00000004 D nanmask
0018d724 00000004 D lanConfig_cursor
0018d728 00000014 D setup_cursor_table
0018d73c 00000004 D setup_cursor
0018d740 00000040 D net_helpMessage
0018d780 00000090 D bindnames
0018d810 00000018 D serialConfig_baudrate
0018d828 00000018 D serialConfig_cursor_table
0018d840 00000014 D modemConfig_cursor_table
0018d854 0000000c D lanConfig_cursor_table
0018d860 00000160 D levels
0018d9c0 00000054 D episodes
0018da14 00000090 D hipnoticlevels
0018daa4 00000048 D hipnoticepisodes
0018daec 00000088 D roguelevels
0018db74 00000030 D rogueepisodes
0018dba4 00000080 D quitMessage
0018dc24 00000024 D gameoptions_cursor_table
0018dc48 00000004 D banMask
0018dc50 00000018 D testPollProcedure
0018dc68 00000018 D test2PollProcedure
0018dc80 00000004 D ctrport_fix
0018dc88 00000004 D DEFAULTnet_hostport
0018dc90 00000018 D slistSendProcedure
0018dca8 00000018 D slistPollProcedure
0018dcc0 00000001 D slistLocal
0018dcc4 00000004 D vcrFile
0018dcc8 00000014 D net_messagetimeout
0018dcdc 00000014 D hostname
0018dcf0 00000014 D config_com_port
0018dd04 00000014 D config_com_irq
0018dd18 00000014 D config_com_baud
0018dd2c 00000014 D config_com_modem
0018dd40 00000014 D config_modem_dialtype
0018dd54 00000014 D config_modem_clear
0018dd68 00000014 D config_modem_init
0018dd7c 00000014 D config_modem_hangup
0018dd90 00000014 D sv_aim
0018dda4 00000004 D pr_numbuiltins
0018dda8 00000004 D pr_builtins
0018ddac 0000013c D pr_builtin
0018dee8 00000020 D type_size
0018df08 00000014 D nomonsters
0018df1c 00000014 D gamecfg
0018df30 00000014 D scratch1
0018df44 00000014 D scratch2
0018df58 00000014 D scratch3
0018df6c 00000014 D scratch4
0018df80 00000014 D savedgamecfg
0018df94 00000014 D saved1
0018dfa8 00000014 D saved2
0018dfbc 00000014 D saved3
0018dfd0 00000014 D saved4
0018dfe4 00000108 D pr_opnames
0018e0ec 00000004 D beamlength
0018e0f0 00000020 D ramp1
0018e110 00000020 D ramp3
0018e130 00000020 D ramp2
0018e150 00000004 D timescale
0018e154 00000004 D partstep
0018e158 0000000c D avelocity
0018e164 00000014 D cl_killmedals
0018e178 00000014 D cl_plasmanade
0018e18c 00000014 D cl_nadenum
0018e1a0 00000014 D cl_ww
0018e1b4 00000014 D cl_round
0018e1c8 00000014 D cl_life
0018e1dc 00000014 D cl_slowmo
0018e1f0 00000014 D cl_activate
0018e204 00000014 D cl_scope
0018e218 00000014 D cl_respawn
0018e22c 00000014 D cl_ch_red
0018e240 00000014 D cl_ch_blue
0018e254 00000014 D cl_overlay
0018e268 00000014 D hide_hud
0018e27c 00000010 D hipweapons
0018e28c 00000014 D sv_maxvelocity
0018e2a0 00000014 D sv_gravity
0018e2b4 00000014 D sv_nostep
0018e2c8 00000014 D sv_stopspeed
0018e2dc 00000014 D sv_friction
0018e2f0 00000014 D sv_idealpitchscale
0018e304 00000014 D sv_edgefriction
0018e318 00000014 D sv_accelerate
0018e32c 00000014 D sv_maxspeed
0018e340 00000010 D cshift_empty
0018e350 00000014 D v_centerspeed
0018e364 00000014 D cl_rollangle
0018e378 00000014 D cl_rollspeed
0018e38c 00000014 D cl_bobcycle
0018e3a0 00000014 D cl_bobup
0018e3b4 00000014 D cl_bob
0018e3c8 00000014 D v_centermove
0018e3dc 00000014 D v_gamma
0018e3f0 00000014 D v_kickroll
0018e404 00000014 D v_kickpitch
0018e418 00000014 D v_kicktime
0018e42c 00000010 D cshift_lava
0018e43c 00000010 D cshift_slime
0018e44c 00000010 D cshift_water
0018e45c 00000014 D v_idlescale
0018e470 00000014 D v_iroll_cycle
0018e484 00000014 D v_iroll_level
0018e498 00000014 D v_ipitch_cycle
0018e4ac 00000014 D v_ipitch_level
0018e4c0 00000014 D v_iyaw_cycle
0018e4d4 00000014 D v_iyaw_level
0018e4e8 00000014 D scr_ofsx
0018e4fc 00000014 D scr_ofsy
0018e510 00000014 D scr_ofsz
0018e524 00000014 D lcd_x
0018e538 00000014 D lcd_yaw
0018e54c 00000014 D crosshair
0018e560 00000014 D cl_crossx
0018e574 00000014 D cl_crossy
0018e588 00000014 D gl_cshiftpercent
0018e59c 00000004 D __stacksize__
0018e5a0 00000014 D d_subdiv16
0018e5b4 00000014 D d_mipcap
0018e5c8 00000014 D d_mipscale
0018e5dc 00000014 D dither_filter
0018e5f0 000001b0 D edgetables
0018e7a0 00000020 D dither_kernel
0018e7c0 00000798 D r_avertexnormals
0018ef58 00000014 D r_draworder
0018ef6c 00000014 D r_speeds
0018ef80 00000014 D r_timegraph
0018ef94 00000014 D r_graphheight
0018efa8 00000014 D r_drawflat
0018efbc 00000014 D r_ambient
0018efd0 00000014 D r_clearcolor
0018efe4 00000014 D r_waterwarp
0018eff8 00000014 D r_fullbright
0018f00c 00000014 D r_drawentities
0018f020 00000014 D r_drawviewmodel
0018f034 00000014 D r_aliasstats
0018f048 00000014 D r_dspeeds
0018f05c 00000014 D r_reportsurfout
0018f070 00000014 D r_maxsurfs
0018f084 00000014 D r_numsurfs
0018f098 00000014 D r_reportedgeout
0018f0ac 00000014 D r_maxedges
0018f0c0 00000014 D r_numedges
0018f0d4 00000014 D r_aliastransbase
0018f0e8 00000014 D r_aliastransadj
0018f0fc 00000004 D r_aliasuvscale
0018f100 0000000c D r_viewlighting
0018f10c 00000004 D r_framecount
0018f110 00000004 D reinit_surfcache
0018f114 00000004 D r_pixbytes
0018f118 00000001 D r_recursiveaffinetriangles
0018f11c 00000004 d xlast.10338
0018f120 00000004 d ylast.10339
0018f124 00000004 D iskyspeed
0018f128 00000004 D iskyspeed2
0018f12c 00000014 D scr_viewsize
0018f140 00000014 D scr_centertime
0018f154 00000014 D scr_printspeed
0018f168 00000014 D scr_fov
0018f17c 00000014 D scr_conspeed
0018f190 00000014 D scr_showram
0018f1a4 00000014 D scr_showturtle
0018f1b8 00000014 D scr_showpause
0018f1cc 00000004 D sound_nominal_clip_dist
0018f1d0 00000014 D nosound
0018f1e4 00000014 D precache
0018f1f8 00000004 d hash.10075
0018f1fc 00000004 d hash.10065
0018f200 00000014 D _snd_mixahead
0018f214 00000001 d snd_ambient
0018f218 00000014 D volume
0018f22c 00000014 D loadas8bit
0018f240 00000014 D bgmvolume
0018f254 00000014 D bgmbuffer
0018f268 00000014 D ambient_level
0018f27c 00000014 D ambient_fade
0018f290 00000014 D snd_noextraupdate
0018f2a4 00000014 D snd_show
0018f2b8 00000004 D fakedma_updates
0018f2bc 00000004 D desired_bits
0018f2c0 00000004 D desired_speed
0018f2c4 00000001 D isDSP
0018f2c8 00000004 D SAMPLERATE
0018f2cc 00000004 D net_numlandrivers
0018f2d0 000002a0 D net_landrivers
0018f570 00000004 D net_numdrivers
0018f574 000001e0 D net_drivers
0018f754 00000004 d net_acceptsocket
0018f758 00000014 D csensitivity
0018f76c 00000014 D circlepadsensitivity
0018f780 00000054 D keymap
0018f7d4 00000004 D currentConsole
0018f7d8 0000004c D defaultConsole
0018f824 00000001 d firstConsoleInit.7774
0018f825 00000001 d botFormat
0018f828 00000008 d doubleBuf
0018f830 00000001 d topFormat
0018f834 00000004 d gspLastEvent
0018f838 00000004 d aptFlags
0018f83c 00000068 d soc_devoptab
0018f8a4 00000004 V __ctru_linear_heap_size
0018f8a8 00000401 d __cwd
0018fcac 00000068 d sdmc_devoptab
0018fd14 00000001 D __fdlib_version
0018fd18 0000000c d __sfp_lock
0018fd24 0000000c d __sinit_lock
0018fd30 00000004 D _impure_ptr
0018fd38 00000460 d impure_data
00190198 0000016c D __global_locale
00190304 00000408 D __malloc_av_
0019070c 00000004 D __malloc_sbrk_base
00190710 00000004 D __malloc_trim_threshold
00190714 0000000c d __malloc_lock_object
00190720 0000000c D __atexit_lock
0019072c 00000004 d defaultDevice
00190730 00000040 D devoptab_list
00190770 00001000 d _current_working_directory
00191770 00000004 d __hndl_lock
00191774 0000000c d __stderr_handle
00191780 0000000c d __stdin_handle
0019178c 0000000c d __stdout_handle
00191798 00001000 d handles
00192798 t __frame_dummy_init_array_entry
00192798 T __init_array_start
00192798 d __JCR_LIST__
00192798 B __preinit_array_end
00192798 B __preinit_array_start
00192798 D __tdata_lma
00192798 D __tdata_lma_end
00192798 D __TMC_END__
00192798 d __TMC_LIST__
0019279c t __do_global_dtors_aux_fini_array_entry
0019279c T __fini_array_start
0019279c T __init_array_end
001927a0 T __bss_start__
001927a0 T __fini_array_end
001927a0 00000004 b lastmsg.9888
001927a4 00000004 b cmd_argc
001927a8 00000140 b cmd_argv
001928e8 00000004 b cmd_args
001928ec 00000004 b cmd_functions
001928f0 00000800 b string.16317
001930f0 00000008 b exten.16370
001930f8 000000e8 b largv
001931e0 00000400 b string.16457
001935e0 00000001 B msg_suppress_1
001935e4 00000004 B con_text
001935e8 00000004 b cr.10411
001935ec 00000400 b data.10428
001939ec 00000001 b inupdate.10435
001939f0 00000001 b inerror.10257
001939f8 00000008 b time1.10332
00193a00 00000008 b time2.10333
00193a08 00000008 b time3.10334
00193a10 00000008 b timetotal.10343
00193a18 00000004 b timecount.10344
00193a1c 00000001 b isdown.10372
00193a20 00000004 B edit_line
00193a24 00000004 B history_line
00193a28 00000001 B team_message
00193a2c 00000004 b chat_bufferlen.9895
00193a30 00000002 b tinystr.9907
00193a34 00000004 B shift_down
00193a38 0000000c B vec3_origin
00193a44 00000001 B searchComplete
00193a45 00000001 B m_serverInfoMessage
00193a48 00000004 B banAddr
00193a4c 00000004 b testDriver
00193a50 00000004 b net_landriverlevel
00193a54 00000004 b testSocket
00193a58 00000004 b testPollCount
00193a5c 00000001 b testInProgress
00193a60 00000004 b myDriverLevel
00193a64 00000004 b test2Driver
00193a68 00000004 b test2Socket
00193a6c 00000001 b test2InProgress
00193a70 00000004 B packetsSent
00193a74 00000004 B packetsReSent
00193a78 00000004 B packetsReceived
00193a7c 00000004 B receivedDuplicateCount
00193a80 00000004 B shortPacketCount
00193a84 00000022 b buf.9933
00193aa8 00000001 B localconnectpending
00193aac 00000004 B loop_client
00193ab0 00000004 B loop_server
00193ab8 00000001 b listening
00193ab9 00000001 B slistInProgress
00193aba 00000001 B slistSilent
00193abc 00000004 b slistLastShown
00193ac0 00000008 b slistStartTime
00193ac8 00000004 b pollProcedureList
00193acc 00000004 B hostCacheCount
00193ad0 00000004 B net_freeSockets
00193ad4 00000004 B net_activeconnections
00193ad8 00000004 B net_activeSockets
00193adc 00000001 B recording
00193ae0 00000004 B messagesReceived
00193ae4 00000004 B unreliableMessagesReceived
00193ae8 00000004 B messagesSent
00193aec 00000004 B unreliableMessagesSent
00193af0 00000004 B net_numsockets
00193af4 00000001 B configRestored
00193af5 00000001 B serialAvailable
00193af6 00000001 B tcpipAvailable
00193af7 00000001 B ipxAvailable
00193af8 00000010 b next
00193b08 00000100 b out.9867
00193c08 00000088 b gefvCache
00193c90 00000004 b rep.9956
00193c94 00000100 b line.9965
00193d94 00000100 b line.9982
00193e94 00000080 b line.10001
00193f14 00000080 b line.10010
00193f94 00000004 b tracercount.10405
00193f98 00000004 B sheildrechargeplaying
00193f9c 00000004 B nullplaying
00193fa0 00000004 B sheildbleepplaying
00193fa4 0000000c b up
00193fb0 0000000c b right
00193fbc 0000000c b forward
00193fc8 00000004 b oldgammavalue.10297
00193fcc 00000004 b oldyaw.10366
00193fd0 00000004 b oldpitch.10367
00193fd4 00000004 b oldz.10396
00193fd8 00000028 b box_hull
00194000 00000030 b box_clipnodes
00194030 00000078 b box_planes
001940a8 00000004 b sv_numareanodes
001940ac 00000400 b sv_areanodes
001944b0 00000004 B hostInitialized
001944b4 0000000c b sysAptCookie
001944c0 00000008 B initialTime
001944c8 00000018 b parms.16650
001944e0 00000004 b miplevel
001944e4 00000004 b sstep
001944e8 00000004 b tstep
001944ec 00000004 b snext
001944f0 00000004 b tnext
001944f4 00000004 b sdivz
001944f8 00000004 b tdivz
001944fc 00000004 b zi
00194500 00000004 b pdest
00194504 00000004 b s
00194508 00000004 b t
0019450c 00000004 b count
00194510 00000004 b sprite_spans
00194514 00000004 b minindex
00194518 00000004 b maxindex
0019451c 00000004 b sprite_height
00194520 00000024 b r_rectdesc
00194544 00000400 b decompressed.10255
00194944 00000200 b fv
00194b44 00000060 b av
00194ba4 00000004 b pmodel
00194ba8 0000000c b alias_up
00194bb4 0000000c b alias_right
00194bc0 0000000c b alias_forward
00194bcc 00000030 b tmatrix.10403
00194bfc 00000030 b viewmatrix.10404
00194c2c 00000004 b ziscale
00194c30 00000004 b pskindesc
00194c34 00000001 b makeclippededge
00194c38 00000004 b numbverts
00194c3c 00000004 b pbverts
00194c40 00000004 b numbedges
00194c44 00000004 b pbedges
00194c48 00000004 b pfrontexit
00194c4c 00000004 b pfrontenter
00194c50 00000001 b makerightedge
00194c51 00000001 b makeleftedge
00194c54 00000004 b pdrawfunc
00194c58 00000004 b oldbright.10222
00194c5c 00000004 b timex.10258
00194c60 00000064 b r_timings.10261
00194cc4 00000320 b clip_verts
00194fe4 00000004 b clip_current
00194fe8 00000004 b sprite_width
00194fec 00000004 b sprite_height
00194ff0 00000004 b count.10317
00194ff4 00000004 b oldscr_viewsize.10430
00194ff8 00000004 b oldlcd_x.10431
00194ffc 00000004 B sound_started
00195000 00000004 B shm
00195004 00000004 b oldsamplepos.10052
00195008 00000004 b buffers.10051
0019500c 00000001 B snd_initialized
0019500d 00000001 B fakedma
00195010 00000004 B snd_blocked
00195014 0000000c b csndAptCookie
00195020 00000004 b SOC_buffer
00195024 00000004 b myAddr
00195028 00000016 b buffer.16519
00195040 00000004 b net_controlsocket
00195044 00000010 b broadcastaddr
00195054 00000004 b net_broadcastsocket
00195058 00000004 B shiftToggle
0019505c 00000001 B lastKey
00195060 00000008 B lastTap
00195068 b saved_stack
00195070 b completed.7620
00195074 b object.7625
0019508c 00000008 b sLinearPool
00195094 0000000c b sAddrMap
001950a0 00000001 V __ctru_speedup
001950a4 00000002 b currentBuffer
001950a6 00000001 b enable3d
001950a8 00000004 b screenAlloc
001950ac 00000004 b screenFree
001950b0 0000000c b aptCookie
001950bc 00000001 b bActuallySleeping
001950bd 00000001 b bComponentLoaded
001950be 00000001 b bDspReady
001950bf 00000001 b bNeedsSync
001950c0 00000001 b bSleeping
001950c4 00000004 b componentBin
001950c8 00000002 b componentDataMask
001950ca 00000001 b componentFree
001950cc 00000002 b componentProgMask
001950d0 00000004 b componentSize
001950d4 00000004 b droppedFrames
001950d8 00000004 b dspSem
001950dc 00001080 b dspVar5Backup
0019615c 00000004 b frameCount
00196160 00000004 b irqEvent
00196164 00000048 b ndspMaster
001961ac 00000004 b ndspMutex
001961b0 00000004 b ndspRefCount
001961b4 00000004 b ndspThread
001961b8 00000001 b ndspThreadRun
001961bc 00000008 b sleepEvent
001961c4 00000c60 b ndspChn
00196e24 00000004 b csPos
00196e28 00000004 b irrstRefCount
00196e2c 00000004 b kHeld
00196e30 00000004 b dspHandle
00196e34 00000004 b dspRefCount
00196e38 00000004 b gspEvent
00196e3c 0000001c b gspEventCb
00196e58 0000001c b gspEventCbData
00196e74 00000007 b gspEventCbOneShot
00196e7c 0000001c b gspEventCounts
00196e98 00000004 b gspEventData
00196e9c 00000004 b gspEventThread
00196ea0 00000038 b gspEvents
00196ed8 00000004 b gspRefCount
00196edc 00000001 b gspRunEvents
00196ee0 00000004 b csndCmdCurOff
00196ee4 00000004 b csndCmdStartOff
00196ee8 00000004 b csndHandle
00196eec 00000004 b csndMutex
00196ef0 00000004 b csndRefCount
00196ef4 00000004 b csndSharedMemBlock
00196ef8 00000001 b aptChainloadMediatype
00196f00 00000008 b aptChainloadTid
00196f08 00000004 b aptEventHandlerThread
00196f0c 0000000c b aptEvents
00196f18 0000000c b aptFirstHook
00196f24 00000001 b aptHomeButtonState
00196f28 00000004 b aptLockHandle
00196f2c 00000004 b aptMessageFunc
00196f30 00000004 b aptMessageFuncData
00196f34 00001000 b aptParameters
00197f34 00000004 b aptRefCount
00197f38 00000008 b aptSleepEvent
00197f40 00000001 b flagInit.7891
00197f41 00000001 b flagValue.7892
00197f44 00000004 b serviceName.7530
00197f48 00000004 b cfguHandle
00197f4c 00000004 b cfguRefCount
00197f50 00000006 b aVec
00197f58 00000004 b cPos
00197f5c 00000006 b gRate
00197f64 00000004 b hidRefCount
00197f68 00000004 b kDown
00197f6c 00000004 b kHeld
00197f70 00000004 b kOld
00197f74 00000004 b kUp
00197f78 00000004 b tPos
00197f7c 00000004 b ptmSysmHandle
00197f80 00000004 b ptmSysmRefCount
00197f88 00000080 b fsExemptArchives
00198008 00000004 b fsuHandle
0019800c 00000004 b fsuRefCount
00198010 00000018 b SOC_hostent
00198028 00000004 b SOC_hostent_alias
0019802c 00000044 b SOC_hostent_results
00198070 00001a88 b outbuf.7118
00199af8 00000004 B SOCU_handle
00199afc 00000004 B h_errno
00199b00 00000004 B socMemhandle
00199b04 00000018 b SOC_hostent
00199b1c 00000004 b SOC_hostent_alias
00199b20 00000044 b SOC_hostent_results
00199b64 00001a88 b outbuf.7149
0019b5ec 00000010 b buffer
0019b5fc 00000004 V __ctru_heap_size
0019b600 0000000c b sAddrMap
0019b60c 00000008 b sVramPool
0019b614 00000008 b sMappablePool
0019b61c 0000000c b sAddrMap
0019b628 00000004 b arbiter
0019b62c 00000004 b srvHandle
0019b630 00000004 b srvRefCount
0019b638 00000008 b sdmcArchive
0019b640 00000001 b sdmcInitialised
0019b644 00000028 B __malloc_current_mallinfo
0019b66c 00000004 B __malloc_max_sbrked_mem
0019b670 00000004 B __malloc_max_total_mem
0019b674 00000004 B __malloc_top_pad
0019b678 00000004 b heap_start.6927
0019b67c 00000004 B fake_heap_end
0019b680 00000004 B fake_heap_start
0019b684 00001000 b temp_cwd
0019c684 00000038 B __syscalls
0019c6bc 0000000c B in_jump
0019c6c8 0000000c B in_up
0019c6d4 0000000c B in_down
0019c6e0 0000000c B in_mlook
0019c6ec 0000000c B in_strafe
0019c6f8 0000000c B in_klook
0019c704 0000000c B in_back
0019c710 0000000c B in_forward
0019c71c 0000000c B in_right
0019c728 0000000c B in_left
0019c734 0000000c B in_lookdown
0019c740 0000000c B in_lookup
0019c74c 0000000c B in_speed
0019c758 0000000c B in_moveleft
0019c764 00000004 B in_impulse
0019c768 0000000c B in_use
0019c774 0000000c B in_moveright
0019c780 0000000c B in_attack
0019c790 00001100 B cl_lightstyle
0019d890 00000b58 B cl
0019e3e8 00000004 B cl_numvisedicts
0019e3ec 00000400 B cl_dlights
0019e7f0 0002e000 B cl_entities
001cc7f0 00005c00 B cl_static_entities
001d23f0 00002800 B cl_efrags
001d4bf0 00000400 B cl_visedicts
001d4ff0 000008f8 B cls
001d58e8 00000040 B bitcounts
001d5928 00000004 B cl_sfx_wizhit
001d592c 00000004 B cl_sfx_ric2
001d5930 00000004 B cl_sfx_ric1
001d5934 00000004 B cl_sfx_ric3
001d5938 00002e00 B cl_temp_entities
001d8738 00000360 B cl_beams
001d8a98 00000004 B cl_sfx_tink1
001d8a9c 00000004 B num_temp_entities
001d8aa0 00000004 B cl_sfx_r_exp3
001d8aa4 00000004 B cl_sfx_knighthit
001d8aa8 00000010 B cmd_text
001d8ab8 00000001 B cmd_source
001d8abc 00000004 B trashspot
001d8ac0 00000001 B cmd_wait
001d8ac4 00000004 B trashtest
001d8ac8 00000004 B cmd_alias
001d8acc 00000080 B com_cachedir
001d8b4c 00000004 B LittleFloat
001d8b50 00000004 B BigFloat
001d8b54 00000004 B com_argc
001d8b58 00000004 B com_argv
001d8b5c 00000001 B proghack
001d8b60 00000080 B com_gamedir
001d8be0 00000004 B loadcache
001d8be4 00000001 B com_modified
001d8be8 00000004 B loadbuf
001d8bec 00000004 B BigShort
001d8bf0 00000100 B com_cmdline
001d8cf0 00000001 B msg_badread
001d8cf1 00000001 B bigendien
001d8cf4 00000004 B loadsize
001d8cf8 00000004 B LittleLong
001d8cfc 00000001 B hipnotic
001d8cfd 00000001 B rogue
001d8d00 00000004 B com_searchpaths
001d8d04 00000004 B msg_readcount
001d8d08 00000004 B LittleShort
001d8d0c 00000400 B com_token
001d910c 00000004 B BigLong
001d9110 00000004 B com_filesize
001d9114 00000001 B con_debuglog
001d9118 00000004 B con_backscroll
001d911c 00000010 B con_times
001d912c 00000004 B con_totallines
001d9130 00000004 B con_current
001d9134 00000004 B con_vislines
001d9138 00000004 B con_x
001d913c 00000004 B con_notifylines
001d9140 00000004 B con_linewidth
001d9144 00000001 B con_forcedup
001d9145 00000001 B con_initialized
001d9148 00000004 B cvar_vars
001d9150 0000005c B host_abortserver
001d91b0 00000008 B realtime
001d91b8 00000004 B host_hunklevel
001d91c0 00000008 B host_time
001d91c8 00000004 B host_colormap
001d91d0 00000008 B host_frametime
001d91d8 00000008 B oldrealtime
001d91e0 00000018 B host_parms
001d91f8 00000004 B host_client
001d91fc 00000004 B minimum_memory
001d9200 00000004 B host_basepal
001d9204 00000004 B host_framecount
001d9208 00000001 B host_initialized
001d920c 00000004 B current_skill
001d9210 00000001 B noclip_anglehack
001d9214 00000004 B key_linepos
001d9218 00000004 B key_count
001d921c 00000400 B keybindings
001d961c 00000400 B key_repeats
001d9a1c 00000004 B key_lastpress
001d9a20 00000001 B key_dest
001d9a24 00000100 B consolekeys
001d9b24 00002000 B key_lines
001dbb24 00000100 B keydown
001dbc24 00000020 B chat_buffer
001dbc44 00000100 B menubound
001dbd44 00000400 B keyshift
001dc148 00000001 B m_state
001dc14c 00000004 B slist_cursor
001dc150 00000030 B loadable
001dc180 00000004 B vid_menukeyfn
001dc184 00000004 B m_singleplayer_cursor
001dc188 00000008 B m_serverInfoMessageTime
001dc190 00000004 B serialConfig_cursor
001dc194 00000004 B vid_menudrawfn
001dc198 00000020 B modemConfig_init
001dc1b8 00000004 B m_multiplayer_cursor
001dc1bc 00000004 B setup_bottom
001dc1c0 00000100 B identityTable
001dc2c0 00000004 B serialConfig_baud
001dc2c4 00000001 B m_return_onerror
001dc2c8 00000020 B m_return_reason
001dc2e8 00000004 B m_net_cursor
001dc2ec 00000010 B serialConfig_phone
001dc2fc 00000004 B msgNumber
001dc300 00000004 B keys_cursor
001dc308 00000008 B searchCompleteTime
001dc310 00000004 B setup_oldbottom
001dc314 00000001 B m_recursiveDraw
001dc315 00000001 B slist_sorted
001dc318 00000004 B options_cursor
001dc31c 00000004 B maxplayers
001dc320 00000100 B translationTable
001dc420 00000004 B bind_grab
001dc424 00000004 B m_quit_prevstate
001dc428 00000004 B load_cursor
001dc42c 00000004 B help_page
001dc430 00000010 B setup_hostname
001dc440 00000004 B pause_cursor
001dc444 00000006 B lanConfig_portname
001dc44c 00000004 B m_net_saveHeight
001dc450 00000001 B modemConfig_dialing
001dc454 00000004 B lanConfig_port
001dc458 00000004 B setup_top
001dc45c 00000010 B modemConfig_hangup
001dc46c 00000004 B m_return_state
001dc470 00000001 B m_entersound
001dc474 00000010 B modemConfig_clear
001dc484 00000016 B lanConfig_joinname
001dc49c 00000004 B startepisode
001dc4a0 00000004 B setup_oldtop
001dc4a4 000001e0 B m_filenames
001dc684 00000004 B modemConfig_cursor
001dc688 00000004 B gameoptions_cursor
001dc68c 00000004 B startlevel
001dc690 00000004 B m_net_items
001dc694 00000001 B wasInMenus
001dc698 00000004 B serialConfig_irq
001dc69c 00000004 B m_main_cursor
001dc6a0 00000004 B serialConfig_comport
001dc6a4 00000004 B m_save_demonum
001dc6a8 00000010 B setup_myname
001dc6b8 00000408 B packetBuffer
001dcac0 00000004 B droppedDatagrams
001dcac8 00000018 B vcrGetMessage
001dcae0 00000004 B GetModemConfig
001dcae4 00000300 B hostcache
001dcde4 00000004 B net_driverlevel
001dcde8 00000004 B GetComPortConfig
001dcdec 00000004 B net_hostport
001dcdf0 00000018 B vcrSendMessage
001dce08 00000010 B net_message
001dce18 00000010 B vcrConnect
001dce28 00000040 B my_ipx_address
001dce68 00000004 B SetModemConfig
001dce70 00000008 B net_time
001dce78 00000004 B SetComPortConfig
001dce7c 00000040 B my_tcpip_address
001dcebc 00000004 B c_notvis
001dcec0 00000004 B c_invis
001dcec4 00000080 B pr_string_temp
001dcf44 00000400 B checkpvs
001dd344 00000004 B pr_statements
001dd348 00000004 B pr_globaldefs
001dd34c 00000004 B pr_edict_size
001dd350 00000004 B pr_strings
001dd354 00000004 B pr_globals
001dd358 00000004 B pr_global_struct
001dd35c 00000002 B pr_crc
001dd360 00000004 B progs
001dd364 00000004 B pr_functions
001dd368 00000004 B pr_fielddefs
001dd36c 00000004 B pr_xfunction
001dd370 00000001 B pr_trace
001dd374 00000004 B pr_depth
001dd378 00002000 B localstack
001df378 00000004 B pr_argc
001df37c 00000004 B localstack_used
001df380 00000004 B pr_xstatement
001df384 00000100 B pr_stack
001df484 00000004 B active_particles
001df488 0000000c B r_ppn
001df494 00000004 B free_particles
001df498 00000004 B particles
001df49c 0000000c B r_pup
001df4a8 00000798 B avelocities
001dfc40 0000000c B r_pright
001dfc4c 00000004 B r_numparticles
001dfc50 000000e0 B sb_weapons
001dfd30 00000004 B ppistred
001dfd34 00000004 B oldsheilds
001dfd38 00000004 B pistolred
001dfd3c 00000004 B sb_ibar
001dfd40 00000004 B ARW
001dfd44 00000004 B sniperblue
001dfd48 00000004 B sb_face_invis
001dfd4c 00000004 B drawww_kicked
001dfd50 00000010 B sb_sigil
001dfd60 00000004 B health_bar
001dfd64 0000000c B sb_armor
001dfd70 00000058 B sb_nums
001dfdc8 00000004 B needleb
001dfdcc 00000004 B killtrocity
001dfdd0 00000004 B num_kicked
001dfdd4 0000008c B hsb_weapons
001dfe60 00000038 B sb_faces
001dfe98 00000010 B sb_ammo
001dfea8 00000014 B numbers
001dfebc 00000004 B shotgunred
001dfec0 00000008 B hsb_items
001dfec8 00000004 B Sniper
001dfecc 00000004 B smgred
001dfed0 00000004 B plrifleblue
001dfed4 00000004 B sniperred
001dfed8 00000004 B plasma
001dfedc 00000004 B sb_lines
001dfee0 00000004 B sb_colon
001dfee4 00000004 B swordred
001dfee8 00000004 B smgb
001dfeec 00000004 B cach
001dfef0 00000004 B plasmabar
001dfef4 00000004 B shotgunb
001dfef8 00000080 B sb_items
001dff78 00000004 B sniperb
001dff7c 00000004 B lifered
001dff80 00000040 B fragsort
001dffc0 00000004 B sb_face_quad
001dffc4 00000140 B scoreboardtext
001e0104 00000004 B SniperW
001e0108 00000004 B rsb_teambord
001e010c 00000004 B killtacular
001e0110 00000004 B sb_face_invis_invuln
001e0114 00000004 B rlred
001e0118 00000004 B needlerred
001e011c 00000004 B doublek
001e0120 00000004 B rlblue
001e0124 00000004 B arblue
001e0128 00000008 B rsb_invbar
001e0130 00000004 B SMG
001e0134 00000004 B sheilds_channel
001e0138 00000004 B ShottieW
001e013c 00000004 B drawmedal_kicked
001e0140 00000004 B SMGW
001e0144 00000004 B NeedlerW
001e0148 00000001 B sb_showscores
001e014c 00000004 B sb_updates
001e0150 00000004 B drawweapon_kicked
001e0154 00000004 B smgblue
001e0158 00000004 B swordblue
001e015c 00000004 B arb
001e0160 00000004 B ppistW
001e0164 00000024 B clock
001e0188 00000004 B life90
001e018c 00000004 B AR
001e0190 00000004 B drawhealth_kicked
001e0194 00000040 B scoreboardbottom
001e01d4 00000004 B plriflered
001e01d8 00000004 B h_flash
001e01dc 00000004 B RLW
001e01e0 0000000c B rsb_ammo
001e01ec 00000004 B triple
001e01f0 00000004 B PistolW
001e01f4 00000004 B frag
001e01f8 00000004 B drawnade_kicked
001e01fc 00000014 B rsb_weapons
001e0210 00000008 B rsb_items
001e0218 00000004 B arred
001e021c 00000004 B pistolb
001e0220 00000040 B scoreboardcount
001e0260 00000004 B ppist
001e0264 00000004 B Shottie
001e0268 00000004 B drawammo_kicked
001e026c 00000004 B shotgunblue
001e0270 00000004 B health_bar_red
001e0274 00000004 B RL
001e0278 00000004 B drawslowmo_kicked
001e027c 00000004 B sb_scorebar
001e0280 00000004 B Needler
001e0284 00000004 B Pistol
001e0288 00000004 B ppistblue
001e028c 00000040 B scoreboardtop
001e02cc 00000004 B rocketb
001e02d0 00000004 B sb_face_invuln
001e02d4 00000004 B scoreboardlines
001e02d8 00000004 B crosshairs_kicked
001e02dc 00000004 B needlerblue
001e02e0 00000004 B sb_sbar
001e02e4 00000004 B sb_slash
001e02e8 00000004 B pistolblue
001e02ec 00000004 B h_flash_timer
001e02f0 00000004 B fatbytes
001e02f8 000035e8 B sv
001e38e0 00000014 B svs
001e38f4 00000500 B localmodels
001e3df4 00000400 B fatpvs
001e41f4 00000004 B c_no
001e41f8 00000004 B c_yes
001e41fc 00000004 B velocity
001e4200 0000000c B wishdir
001e420c 00000018 B cmd
001e4224 00000004 B origin
001e4228 00000004 B sv_player
001e422c 00000004 B wishspeed
001e4230 00000001 B onground
001e4234 00000004 B angles
001e4238 00000004 B v_dmg_roll
001e423c 00000004 B v_dmg_time
001e4240 00000100 B gammatable
001e4340 0000000c B forward
001e434c 0000000c B up
001e4358 0000000c B right
001e4364 00000004 B v_dmg_pitch
001e4368 00000004 B wad_lumps
001e436c 00000004 B wad_numlumps
001e4370 00000004 B wad_base
001e4374 00000004 B hunk_tempmark
001e4378 00000001 B hunk_tempactive
001e437c 00000004 B hunk_size
001e4380 00000004 B hunk_low_used
001e4384 00000004 B hunk_high_used
001e4388 00000004 B mainzone
001e438c 00000004 B hunk_base
001e4390 00000028 B cache_head
001e43b8 00000028 B sys_handles
001e43e0 00000001 B isN3DS
001e43e4 00000064 B gameFolder
001e4448 00000001 B isDedicated
001e444c 00000004 B bbextentt
001e4450 00000004 B bbextents
001e4454 00000004 B erroradjustup
001e4458 00000004 B scale_for_mip
001e445c 00000004 B sadjust
001e4460 00000004 B vstartscan
001e4464 00000004 B tadjust
001e4468 00000004 B errorterm
001e446c 00000004 B erroradjustdown
001e4470 0000000c B transformed_modelorg
001e447c 00000004 B screenwidth
001e4480 00000004 B ubasestep
001e4484 00000004 B pcurrentcache
001e4488 00000004 B prealspandrawer
001e448c 00000004 B d_drawspans
001e4490 00000004 B d_minmip
001e4494 00000001 B d_roverwrapped
001e4498 0000000c B d_scalemip
001e44a4 00000004 B d_initial_rover
001e44a8 00000004 B d_y_aspect_shift
001e44ac 00000004 B d_vrectbottom_particle
001e44b0 00000004 B d_pix_max
001e44b4 00000004 B d_vrecty
001e44b8 00000004 B d_vrectx
001e44bc 00000004 B d_vrectright_particle
001e44c0 00001000 B d_scantable
001e54c0 00001000 B zspantable
001e64c0 00000004 B d_pix_shift
001e64c4 00000004 B d_pix_min
001e64c8 00000004 B d_pzextrastep
001e64cc 00000004 B d_zi
001e64d0 00000004 B d_lightbasestep
001e64d4 00000004 B a_tstepxfrac
001e64d8 00000004 B d_light
001e64dc 00000004 B d_pdestextrastep
001e64e0 00000004 B d_pcolormap
001e64e4 00000004 B r_sstepy
001e64e8 00000004 B r_sstepx
001e64ec 00000780 B skintable
001e6c6c 00000004 B d_tfracbasestep
001e6c70 00000004 B d_ptexextrastep
001e6c74 00000004 B d_sfrac
001e6c78 00000018 B r_p0
001e6c90 00000004 B d_ptexbasestep
001e6c94 00000018 B r_p2
001e6cac 00000018 B r_p1
001e6cc4 00000004 B skinstart
001e6cc8 00000004 B d_ziextrastep
001e6ccc 00000004 B d_ptex
001e6cd0 00000004 B r_lstepx
001e6cd4 00000004 B r_lstepy
001e6cd8 00000004 B d_pdest
001e6cdc 00000004 B pedgetable
001e6ce0 00000004 B d_pz
001e6ce4 00000004 B d_pdestbasestep
001e6ce8 00000004 B d_zibasestep
001e6cec 00000004 B r_tstepx
001e6cf0 00000004 B r_tstepy
001e6cf4 00000004 B d_aspancount
001e6cf8 00000004 B d_sfracextrastep
001e6cfc 00000004 B a_spans
001e6d00 00000004 B d_pzbasestep
001e6d04 00000004 B d_sfracbasestep
001e6d08 00000004 B d_tfracextrastep
001e6d0c 00000004 B d_tfrac
001e6d10 00000004 B a_ststepxwhole
001e6d14 00000004 B r_zistepy
001e6d18 00000004 B d_aflatcolor
001e6d1c 00000004 B r_zistepx
001e6d20 00000004 B d_pedgespanpackage
001e6d24 00000004 B d_xdenom
001e6d28 00000004 B skinwidth
001e6d2c 00000004 B d_countextrastep
001e6d30 00000004 B a_sstepxfrac
001e6d34 00000004 B d_lightextrastep
001e6d38 00000004 B r_turb_pbase
001e6d3c 00000004 B r_turb_tstep
001e6d40 00000004 B r_turb_turb
001e6d44 00000004 B r_turb_t
001e6d48 00000004 B r_turb_s
001e6d4c 00000004 B r_turb_pdest
001e6d50 00000004 B r_turb_spancount
001e6d54 00000004 B r_turb_sstep
001e6d58 00000004 B surfscale
001e6d5c 00000004 B sc_rover
001e6d60 00000001 B r_cache_thrash
001e6d64 00000004 B sc_base
001e6d68 00000004 B sc_size
001e6d6c 00000004 B d_sdivzorigin
001e6d70 00000004 B d_sdivzstepv
001e6d74 00000004 B d_sdivzstepu
001e6d78 00000004 B cachewidth
001e6d7c 00000004 B d_zistepv
001e6d80 00000004 B d_zistepu
001e6d84 00000004 B d_pzbuffer
001e6d88 00000004 B d_zwidth
001e6d8c 00000004 B d_viewbuffer
001e6d90 00000004 B d_tdivzstepu
001e6d94 00000004 B d_tdivzstepv
001e6d98 00000004 B d_zrowbytes
001e6d9c 00000004 B d_tdivzorigin
001e6da0 00000004 B d_ziorigin
001e6da4 00000004 B cacheblock
001e6da8 00000004 B menu_numcachepics
001e6dac 00002200 B menu_cachepics
001e8fac 00000004 B draw_backtile
001e8fb0 00000004 B draw_disc
001e8fb4 00000004 B draw_chars
001e8fb8 00000004 B mod_base
001e8fbc 00000400 B mod_novis
001e93bc 00000020 B loadname
001e93dc 00018400 B mod_known
002017dc 00000004 B mod_numknown
002017e0 00000004 B loadmodel
002017e4 00000004 B r_anumverts
002017e8 00000004 B pfinalverts
002017ec 00000004 B r_ambientlight
002017f0 00000004 B ptriangles
002017f4 0000000c B r_plightvec
00201800 00000004 B pmdl
00201804 00000004 B r_amodels_drawn
00201808 00000030 B aliastransform
00201838 00000004 B a_skinwidth
0020183c 00000004 B acolormap
00201840 00000004 B r_apverts
00201844 00000024 B r_affinetridesc
00201868 00000004 B r_shadelight
0020186c 00000004 B paliashdr
00201870 00000004 B pauxverts
00201874 0000000c B modelorg
00201880 00000004 B r_currentbkey
00201884 00000001 B insubmodel
00201888 0000000c B r_entorigin
00201894 0000000c B r_worldmodelorg
002018a0 0000000c B base_modelorg
002018ac 00000024 B entity_rotation
002018d0 00000004 B currententity
002018d4 00000004 B entity_clipplanes
002018d8 00000004 B r_pedge
002018dc 00000001 B r_rightclipped
002018dd 00000001 B r_nearzionly
002018e0 00000004 B r_emitted
002018e4 00000001 B r_lastvertvalid
002018e8 00001600 B sintable
00202ee8 00000004 B r_u1
00202eec 00000010 B r_polydesc
00202efc 0000000c B r_leftexit
00202f08 00001600 B intsintable
00204508 0000000c B r_leftenter
00204514 0000000c B r_rightexit
00204520 00000180 B world_clipplanes
002046a0 00000004 B c_faceclip
002046a4 00000004 B r_ceilv1
002046a8 00000001 B r_leftclipped
002046ac 00000004 B cacheoffset
002046b0 00000004 B r_nearzi
002046b4 0000000c B r_rightenter
002046c0 00000060 B view_clipplanes
00204720 00000004 B r_lzi1
00204724 00000010 B r_zpointdesc
00204734 00000004 B r_v1
00204738 00000004 B fv
0020473c 00000004 B max_span_p
00204740 00000004 B edge_tail_u_shift20
00204744 00000004 B span_p
00204748 00000020 B edge_aftertail
00204768 00000004 B auxedges
0020476c 00000020 B edge_sentinel
0020478c 00000020 B edge_tail
002047ac 00000004 B r_edges
002047b0 00000004 B surf_max
002047b4 00000004 B edge_max
002047b8 00000004 B surfaces
002047bc 00000004 B current_iv
002047c0 00000020 B edge_head
002047e0 00001000 B newedges
002057e0 00001000 B removeedges
002067e0 00000004 B edge_p
002067e4 00000004 B surface_p
002067e8 00000004 B r_currentkey
002067ec 00000004 B edge_head_u_shift20
002067f0 0000000c B r_emins
002067fc 00000004 B lastlink
00206800 00000004 B r_pefragtopnode
00206804 0000000c B r_emaxs
00206810 00000004 B r_addent
00206814 00000004 B r_dlightframecount
00206818 00000004 B yscaleshrink
0020681c 00000004 B r_outofsurfaces
00206820 00000004 B aliasxcenter
00206824 00000004 B r_numallocatededges
00206828 00000004 B de_time1
0020682c 00000004 B aliasxscale
00206830 00000004 B r_stack_start
00206834 00000004 B r_wholepolycount
00206838 0000000c B vpn
00206844 00000001 B r_fov_greater_than_90
00206845 00000001 B r_drawculledpolys
00206848 00000004 B de_time2
0020684c 00000001 B r_dowarpold
00206850 00000050 B screenedge
002068a0 00000004 B r_polycount
002068a4 00000004 B r_viewleaf
002068a8 00000004 B se_time1
002068ac 00000004 B se_time2
002068b0 00000004 B r_visframecount
002068b4 00000101 B viewmodname
002069b8 00000004 B yscaleinv
002069bc 00000004 B r_aliastransition
002069c0 00000004 B r_maxedgesseen
002069c4 0000000c B base_vpn
002069d0 00000004 B r_resfudge
002069d4 00000094 B r_refdef
00206a68 00000004 B pbtofpolys
00206a6c 0000000c B vup
00206a78 00000004 B xscale
00206a7c 00000004 B aliasyscale
00206a80 00000004 B r_pcurrentvertbase
00206a84 00000010 B pfrustum_indexes
00206a94 00000004 B d_spanpixcount
00206a98 00000004 B xscaleshrink
00206a9c 00000001 B r_surfsonstack
00206aa0 00000004 B modcount
00206aa4 00000004 B r_time1
00206aa8 00000004 B pixelAspect
00206aac 00000004 B r_maxsurfsseen
00206ab0 0000000c B vright
00206abc 0000000c B base_vup
00206ac8 00000004 B r_oldviewleaf
00206acc 00000004 B screenAspect
00206ad0 00000004 B colormap
00206ad4 00000004 B dv_time2
00206ad8 00000004 B dv_time1
00206adc 0000000c B base_vright
00206ae8 00000004 B verticalFieldOfView
00206aec 00000004 B yOrigin
00206af0 00000004 B xscaleinv
00206af4 00000004 B rw_time2
00206af8 00000004 B rw_time1
00206afc 00000004 B r_clipflags
00206b00 0000000c B viewlightvec
00206b0c 00000004 B r_cnumsurfs
00206b10 00000400 B d_lightstylevalue
00206f10 00000004 B xcenter
00206f14 00000004 B r_warpbuffer
00206f18 00000060 B r_frustum_indexes
00206f78 00000004 B r_drawnpolycount
00206f7c 00000004 B db_time1
00206f80 00000004 B r_outofedges
00206f84 00000004 B db_time2
00206f88 00000001 B r_drawpolys
00206f89 00000001 B r_dowarp
00206f8c 00000004 B c_surf
00206f90 00000004 B dp_time1
00206f94 0000000c B r_origin
00206fa0 00000004 B dp_time2
00206fa4 00000004 B yscale
00206fa8 00000001 B r_worldpolysbacktofront
00206fac 00000004 B numbtofpolys
00206fb0 00000004 B xOrigin
00206fb4 00000004 B ycenter
00206fb8 00000001 B r_viewchanged
00206fbc 00000004 B r_notexture_mip
00206fc0 00000004 B aliasycenter
00206fc4 00000004 B r_skysource
00206fc8 00008000 B newsky
0020efc8 00000004 B skyspeed2
0020efcc 00000004 B r_skydirect
0020efd0 00000004 B skytime
0020efd4 00004180 B bottomsky
00213154 00000004 B r_skymade
00213158 00004180 B bottommask
002172d8 00000004 B skyspeed
002172dc 00000034 B r_spritedesc
00217310 00000004 B r_lightptr
00217314 00000004 B surfrowbytes
00217318 00000004 B lightrightstep
0021731c 00000004 B prowdestbase
00217320 00000004 B blockdivmask
00217324 00000004 B r_source
00217328 00000004 B lightdeltastep
0021732c 00000004 B blocksize
00217330 00000004 B r_numhblocks
00217334 00000004 B r_numvblocks
00217338 00000004 B sourcetstep
0021733c 00000004 B lightdelta
00217340 00000004 B r_stepback
00217344 00000004 B lightleft
00217348 00000004 B pbasesource
0021734c 00000004 B r_sourcemax
00217350 00000004 B lightright
00217354 00000004 B r_lightwidth
00217358 0000002c B r_drawsurf
00217384 00000004 B blockdivshift
00217388 00000510 B blocklights
00217898 00000004 B sourcesstep
0021789c 00000004 B lightleftstep
002178a0 00000004 B r_bmodelactive
002178a4 00000004 B scr_turtle
002178a8 00000004 B oldfov
002178ac 00000004 B scr_erase_lines
002178b0 00000004 B scr_centertime_start
002178b4 00000004 B scr_centertime_off
002178b8 00000400 B scr_centerstring
00217cb8 00000001 B scr_skipupdate
00217cbc 00000004 B scr_ram
00217cc0 00000044 B vid
00217d04 00000004 B scr_disabled_time
00217d08 00000004 B scr_notifystring
00217d0c 00000004 B clearconsole
00217d10 00000004 B scr_net
00217d14 00000004 B scr_erase_center
00217d18 00000004 B scr_con_current
00217d1c 00000001 B block_drawing
00217d20 00000004 B scr_copytop
00217d24 00000001 B scr_initialized
00217d28 00000004 B scr_conlines
00217d2c 00000004 B loading
00217d30 00000001 B scr_disabled_for_loading
00217d34 00000004 B scr_center_lines
00217d38 00000014 B scr_vrect
00217d4c 00000001 B scr_drawdialog
00217d4d 00000001 B scr_drawloading
00217d50 00000004 B oldscreensize
00217d54 00000004 B clearnotify
00217d58 00000004 B pconupdate
00217d5c 00000004 B scr_fullupdate
00217d60 00000004 B scr_copyeverything
00217d64 0000000c B listener_up
00217d70 00000020 B sn
00217d90 00000010 B ambient_sfx
00217da0 0000000c B listener_forward
00217dac 00000004 B known_sfx
00217db0 00000004 B soundtime
00217db4 00001a00 B channels
002197b4 00000004 B paintedtime
002197b8 00000004 B num_sfx
002197bc 00000004 B total_channels
002197c0 0000000c B listener_origin
002197cc 0000000c B listener_right
002197d8 00000004 B snd_vol
002197dc 00001000 B paintbuffer
0021a7dc 00000004 B snd_p
0021a7e0 00000004 B snd_out
0021a7e4 00008000 B snd_scaletable
002227e4 00000004 B snd_linear_count
002227e8 00000004 B iff_data
002227ec 00000004 B iff_chunk_len
002227f0 00000004 B last_chunk
002227f4 00000004 B iff_end
002227f8 00000004 B data_p
002227fc 00000004 B cache_full_cycle
00222800 00000008 B initial_tick
00222808 00000004 B audiobuffer
0022280c 00000004 B waveBuf
00222810 00000004 B snd_inited
00222818 00000008 B csnd_pause_tick
00222820 00000004 B right_fb
00222824 00000004 B separation_distance
00222828 00000200 B d_8to16table
00222a28 00000004 B basewidth
00222a2c 00000008 B vid_buffer
00222a34 00000004 B left_fb
00222a38 00180000 B surfcache
003a2a38 00000004 B baseheight
003a2a3c 00000004 B zbuffer
003a2a40 00000004 B oldtouch
003a2a44 00000004 B touch
003a2a48 00000004 B cstick
003a2a4c 00000004 B circlepad
003a2a50 00000004 B touchOverlay
003a2a54 00000004 B tfb
003a2a58 00000001 B keyboardToggled
003a2a60 00000008 B tick
003a2a68 00000004 B keyboardOverlay
003a2a6c 00000004 B tmode
003a2a70 0000004c B currentCopy
003a2abc 00000004 B gfxTopFramebufferMaxSize
003a2ac0 0000001c B bottomFramebufferInfo
003a2adc 00000004 B gfxSharedMemory
003a2ae0 00000008 B gfxBottomFramebuffers
003a2ae8 00000004 B gspEvent
003a2aec 00000004 B gfxBottomFramebufferMaxSize
003a2af0 0000001c B topFramebufferInfo
003a2b0c 00000001 B gfxThreadID
003a2b10 00000004 B gspSharedMemHandle
003a2b14 00000008 B gfxTopRightFramebuffers
003a2b1c 00000008 B gfxTopLeftFramebuffers
003a2b24 00000004 B gxCmdBuf
003a2b28 00000002 B ndspFrameId
003a2b2a 00000002 B ndspBufferId
003a2b2c 00000080 B ndspVars
003a2bac 00000002 B ndspBufferCurId
003a2bb0 00000004 B irrstMemHandle
003a2bb4 00000004 B irrstEvent
003a2bb8 00000004 B irrstHandle
003a2bbc 00000004 B irrstSharedMem
003a2bc0 00000004 B gspGpuHandle
003a2bc4 00000004 B csndSharedMem
003a2bc8 00000004 B csndChannels
003a2bcc 00000010 B csndOffsets
003a2bdc 00000004 B csndSharedMemSize
003a2be0 00000004 B hidMemHandle
003a2be4 00000004 B hidHandle
003a2be8 00000014 B hidEvents
003a2bfc 00000004 B hidSharedMem
003a2c00 00000004 B __system_retAddr
003a2c04 00000004 B __ctru_linear_heap
003a2c08 00000004 B __ctru_heap
003a2c0c 00000004 B __system_argc
003a2c10 00000004 B __system_argv
003a2c14 B __tls_start
003a4020 B __bss_end__
003a4020 A __end__
003a4020 B __tls_end
