QuArKLog> QuArK started at 10/6/2016 2:11:58 PM
QuArKLog> QuArK version is QuArK 6.6 Beta 6
QuArKLog> Loglevel is 20
SysLog> CPU:
SysLog> 4 x Intel  - 2195 MHz
SysLog> Submodel: Primary
SysLog> Model ID: Family 6  Model 13  Stepping 4  Level 20
SysLog> 
SysLog> MEMORY:
SysLog> Physical Memory Total: 2,147,483,647 Bytes
SysLog> Physical Memory Free: 2,147,483,647 Bytes
SysLog> Virtual Memory Free: 2,050,678,784 Bytes
SysLog> 
SysLog> OS:
SysLog> Platform: Unknown (Probably OK)
SysLog> Version: Multiprocessor Free 6.2.9200
SysLog> Service Pack: 0
SysLog> Type: Workstation
SysLog> Running under Wow64
SysLog> 
SysLog> VIDEO:
SysLog> 
SysLog> DIRECTX:
SysLog> Installed version: 4.09.00.0904
SysLog> Microsoft Direct3D Hardware acceleration through Direct3D HAL
SysLog> Microsoft Direct3D Mono(Ramp) Software Emulation
SysLog> Microsoft Direct3D RGB Software Emulation
PythonLog> PYTHON:
PythonLog> Version: 2.4.4 (#71, Oct 18 2006, 08:34:43) [MSC v.1310 32 bit (Intel)]
PythonLog> DLL: C:\Users\Tevin\Documents\Quake\quark-win32-6.6.0Beta6\dlls\python.dll
Log> Unable to load Setup.qrk!
Log> Error: Could not open 'mp_menu.lmp' : Unknown file extension.
